#
# A fatal error has been detected by the Java Runtime Environment:
#
#  SIGBUS (0xa) at pc=0x000000010d0994f0, pid=4589, tid=36103
#
# JRE version: OpenJDK Runtime Environment Zulu17.30+15-CA (17.0.1+12) (build 17.0.1+12-LTS)
# Java VM: OpenJDK 64-Bit Server VM Zulu17.30+15-CA (17.0.1+12-LTS, mixed mode, sharing, tiered, compressed oops, compressed class ptrs, g1 gc, bsd-aarch64)
# Problematic frame:
# v  ~StubRoutines::SafeFetchN
#
# No core dump will be written. Core dumps have been disabled. To enable core dumping, try "ulimit -c unlimited" before starting Java again
#
# If you would like to submit a bug report, please visit:
#   http://www.azul.com/support/
# The crash happened outside the Java Virtual Machine in native code.
# See problematic frame for where to report the bug.
#

---------------  S U M M A R Y ------------

Command Line: -javaagent:/Applications/IntelliJ IDEA.app/Contents/lib/idea_rt.jar=53875:/Applications/IntelliJ IDEA.app/Contents/bin -Dfile.encoding=UTF-8 --module-path=/Users/oscarnaretto/.m2/repository/org/openjfx/javafx-fxml/17.0.1/javafx-fxml-17.0.1-mac-aarch64.jar:/Users/oscarnaretto/.m2/repository/org/openjfx/javafx-base/17.0.1/javafx-base-17.0.1-mac-aarch64.jar:/Users/oscarnaretto/.m2/repository/org/openjfx/javafx-controls/17.0.1/javafx-controls-17.0.1-mac-aarch64.jar:/Users/oscarnaretto/.m2/repository/org/controlsfx/controlsfx/11.1.1/controlsfx-11.1.1.jar:/Users/oscarnaretto/.m2/repository/org/openjfx/javafx-graphics/17.0.1/javafx-graphics-17.0.1-mac-aarch64.jar:/Users/oscarnaretto/.m2/repository/org/kordamp/bootstrapfx/bootstrapfx-core/0.4.0/bootstrapfx-core-0.4.0.jar:/Users/oscarnaretto/Progetti/progettoprogiii/clientmail/target/classes:/Users/oscarnaretto/Progetti/progettoprogiii/mailib/target/classes:/Users/oscarnaretto/.m2/repository/com/dlsc/formsfx/formsfx-core/11.4.2/formsfx-core-11.4.2.jar -Djdk.module.main=clientmail clientmail/com.projprogiii.clientmail.ClientApplication

Host: "MacBookAir10,1" arm64 1 MHz, 8 cores, 16G, Darwin 21.2.0, macOS 12.1 (21C52)
Time: Wed Jan  5 16:46:56 2022 CET elapsed time: 4.680708 seconds (0d 0h 0m 4s)

---------------  T H R E A D  ---------------

Current thread (0x0000000140808e00):  JavaThread "InvokeLaterDispatcher" daemon [_thread_in_native, id=36103, stack(0x0000000170874000,0x0000000170a77000)]

Stack: [0x0000000170874000,0x0000000170a77000],  sp=0x0000000170a76780,  free space=2057k
Native frames: (J=compiled Java code, j=interpreted, Vv=VM code, C=native code)
v  ~StubRoutines::SafeFetchN
V  [libjvm.dylib+0x7b587c]  _ZN10OopStorage7releaseEPKP7oopDesc+0x20
V  [libjvm.dylib+0x4c6190]  jni_DeleteGlobalRef+0xd8
C  [libglass.dylib+0xaac0]  -[GlassRunnable dealloc]+0x34
C  [Foundation+0x84c7c]  -[_NSThreadPerformInfo dealloc]+0x30
C  [Foundation+0x51578]  -[NSObject(NSThreadPerformAdditions) performSelectorOnMainThread:withObject:waitUntilDone:]+0x88
C  0xcd2280010d0a18ac
j  com.sun.glass.ui.mac.MacApplication.submitForLaterInvocation(Ljava/lang/Runnable;)V+2 javafx.graphics@17.0.1
j  com.sun.glass.ui.InvokeLaterDispatcher.run()V+82 javafx.graphics@17.0.1
v  ~StubRoutines::call_stub
V  [libjvm.dylib+0x46af10]  _ZN9JavaCalls11call_helperEP9JavaValueRK12methodHandleP17JavaCallArgumentsP10JavaThread+0x38c
V  [libjvm.dylib+0x469f2c]  _ZN9JavaCalls12call_virtualEP9JavaValueP5KlassP6SymbolS5_P17JavaCallArgumentsP10JavaThread+0x11c
V  [libjvm.dylib+0x469ff8]  _ZN9JavaCalls12call_virtualEP9JavaValue6HandleP5KlassP6SymbolS6_P10JavaThread+0x64
V  [libjvm.dylib+0x522950]  _ZL12thread_entryP10JavaThreadS0_+0xc4
V  [libjvm.dylib+0x993ec0]  _ZN10JavaThread17thread_main_innerEv+0x13c
V  [libjvm.dylib+0x99259c]  _ZN6Thread8call_runEv+0x128
V  [libjvm.dylib+0x7bc6b0]  _ZL19thread_native_entryP6Thread+0x158
C  [libsystem_pthread.dylib+0x7240]  _pthread_start+0x94

Java frames: (J=compiled Java code, j=interpreted, Vv=VM code)
j  com.sun.glass.ui.mac.MacApplication._submitForLaterInvocation(Ljava/lang/Runnable;)V+0 javafx.graphics@17.0.1
j  com.sun.glass.ui.mac.MacApplication.submitForLaterInvocation(Ljava/lang/Runnable;)V+2 javafx.graphics@17.0.1
j  com.sun.glass.ui.InvokeLaterDispatcher.run()V+82 javafx.graphics@17.0.1
v  ~StubRoutines::call_stub

siginfo: si_signo: 10 (SIGBUS), si_code: 1 (BUS_ADRALN), si_addr: 0x000000010d0994f0

Register to memory mapping:

 x0=0x000000015070ba48 is a global jni handle
 x1=0x0 is NULL
 x2=0x000000070fd27378 is an oop: com.sun.glass.ui.InvokeLaterDispatcher$Future 
{0x000000070fd27378} - klass: 'com/sun/glass/ui/InvokeLaterDispatcher$Future'
 - ---- fields (total size 3 words):
 - private 'done' 'Z' @12  true
 - private final 'runnable' 'Ljava/lang/Runnable;' @16  a 'com/sun/javafx/application/PlatformImpl$$Lambda$92+0x0000000800c84890'{0x000000070f750d68} (e1eea1ad)
 - final synthetic 'this$0' 'Lcom/sun/glass/ui/InvokeLaterDispatcher;' @20  a 'com/sun/glass/ui/InvokeLaterDispatcher'{0x000000070e80ac98} (e1d01593)
 x3=0x0 is NULL
 x4=0x00000000000130a8 is an unknown value
 x5=0x0 is NULL
 x6=0x0 is NULL
 x7=0x0 is NULL
 x8=0x000000010d0994ec is at begin+0 in a stub
StubRoutines::SafeFetchN [0x000000010d0994ec, 0x000000010d0994f8] (12 bytes)
 x9=0x0 is NULL
x10=0x2010000030300000 is an unknown value
x11=0x0000000000000007 is an unknown value
x12=0x0 is NULL
x13=0x0000600001cb4a70 points into unknown readable memory: 0x0000000000000000 | 00 00 00 00 00 00 00 00
x14=0x0000000000000001 is an unknown value
x15=0x00000001033cdf98: OBJC_CLASS_$_GlassRunnable+0 in /Library/Java/JavaVirtualMachines/zulu-17.jdk/Contents/Home/lib/libglass.dylib at 0x0000000103388000
x16=0x00000001ad310094: pthread_getspecific+0 in /usr/lib/system/libsystem_pthread.dylib at 0x00000001ad30e000
x17=0x00006000016bdfe0 points into unknown readable memory: 0xfffffffffffffffe | fe ff ff ff ff ff ff ff
x18=0x0 is NULL
x19=0x00006000019a11f0 points into unknown readable memory: 0x00006000030a4310 | 10 43 0a 03 00 60 00 00
x20=0x000000015070b840 points into unknown readable memory: 0xad9c8edc789a547b | 7b 54 9a 78 dc 8e 9c ad
x21=0x000000015070ba48 is a global jni handle
x22=0x0000000140808e00 is a thread
x23=0x0000000000000001 is an unknown value
x24=0x000000015070ba00 is a global jni handle
x25=0x00000001041b3a08: _ZN12StubRoutines17_safefetchN_entryE+0 in /Library/Java/JavaVirtualMachines/zulu-17.jdk/Contents/Home/lib/server/libjvm.dylib at 0x0000000103560000
x26=0x0000000127913980 is pointing into metadata
x27=0x0 is NULL
x28=0x0000000140808e00 is a thread


Registers:
 x0=0x000000015070ba48  x1=0x0000000000000000  x2=0x000000070fd27378  x3=0x0000000000000000
 x4=0x00000000000130a8  x5=0x0000000000000000  x6=0x0000000000000000  x7=0x0000000000000000
 x8=0x000000010d0994ec  x9=0x0000000000000000 x10=0x2010000030300000 x11=0x0000000000000007
x12=0x0000000000000000 x13=0x0000600001cb4a70 x14=0x0000000000000001 x15=0x00000001033cdf98
x16=0x00000001ad310094 x17=0x00006000016bdfe0 x18=0x0000000000000000 x19=0x00006000019a11f0
x20=0x000000015070b840 x21=0x000000015070ba48 x22=0x0000000140808e00 x23=0x0000000000000001
x24=0x000000015070ba00 x25=0x00000001041b3a08 x26=0x0000000127913980 x27=0x0000000000000000
x28=0x0000000140808e00  fp=0x0000000170a767c0  lr=0x0000000103d1464c  sp=0x0000000170a76780
pc=0x000000010d0994f0 cpsr=0x0000000060001000
Top of Stack: (sp=0x0000000170a76780)
0x0000000170a76780:   0000000127913980 0000000000000001
0x0000000170a76790:   0000000170a76988 0000000000000000
0x0000000170a767a0:   000000014085e6a8 000000015070ba38
0x0000000170a767b0:   000000015070ba38 00006000019a11f0
0x0000000170a767c0:   0000000170a76800 0000000103d1587c
0x0000000170a767d0:   0000000000000001 000000015070ba38
0x0000000170a767e0:   000000014085e6a8 000000015070ba38
0x0000000170a767f0:   0000000000000001 000000014085e400
0x0000000170a76800:   0000000170a76840 0000000103a26190
0x0000000170a76810:   0000000170a76988 00006000030bb650
0x0000000170a76820:   00006000030bb610 00000001f7840474
0x0000000170a76830:   0000000000000000 00006000030bb610
0x0000000170a76840:   0000000170a76870 0000000103392ac0
0x0000000170a76850:   d0e2499a2f2a00d8 0000000000000000
0x0000000170a76860:   0000000000000000 0000600002718b80
0x0000000170a76870:   0000000170a768b0 00000001ae2d4c7c
0x0000000170a76880:   0000000170a76988 00006000030bb650
0x0000000170a76890:   00006000030bb610 d0e2499a2f2a00d8
0x0000000170a768a0:   0000000000000000 0000000000000000
0x0000000170a768b0:   0000000170a768f0 61200001ae2a1578
0x0000000170a768c0:   0000000170a76988 000000010d0a07c0
0x0000000170a768d0:   0000000000000000 00000001041bb3c0
0x0000000170a768e0:   0000000170a76900 000000010d09f730
0x0000000170a768f0:   0000000170a76960 cd2280010d0a18ac
0x0000000170a76900:   0000000170a76968 000000012753f160
0x0000000170a76910:   0000000170a76910 0000000000000000
0x0000000170a76920:   0000000170a76988 0000000127913980
0x0000000170a76930:   000000070e836810 0000000000000000
0x0000000170a76940:   0000000000000000 00000001278e8960
0x0000000170a76950:   0000000000000000 0000000170a76960
0x0000000170a76960:   0000000170a769e0 000000010d09dfc8
0x0000000170a76970:   0000000000000000 0000000000000000 

Instructions: (pc=0x000000010d0994f0)
0x000000010d0993f0:   f2a08309 f2c00029 6d425935 1e640886
0x000000010d099400:   0c402d31 1e6408c7 1f5654d0 1e6c1017
0x000000010d099410:   1f5050d0 1f504cd0 1f5048d0 1e650af6
0x000000010d099420:   1f50d8f6 1f5694d6 1f5158f6 1e762880
0x000000010d099430:   36000501 1e614000 14000026 2e251ca5
0x000000010d099440:   d2803009 f2a08309 f2c00029 6d425d36
0x000000010d099450:   1e600806 0c402d32 1f5758c7 1e6c101a
0x000000010d099460:   1f4754c7 1e650805 1f4750c7 d2866668
0x000000010d099470:   f2a7fa68 1f474cc7 1e6608c0 1f4748c7
0x000000010d099480:   1e6e1019 eb08007f 540000ac 1f479400
0x000000010d099490:   1f460340 1e603b20 1400000e d2a7fd29
0x000000010d0994a0:   eb09007f 540000ac 51480069 d3607d29
0x000000010d0994b0:   9e670121 14000002 1e6a5001 1f679417
0x000000010d0994c0:   1f668742 1e613b23 1e773857 1e773860
0x000000010d0994d0:   a8c17ff3 910003bf a8c17bfd d65f03c0
0x000000010d0994e0:   b9400001 aa0103e0 d65f03c0 f9400001
0x000000010d0994f0:   aa0103e0 d65f03c0 00000000 00000000
0x000000010d099500:   00000000 00000000 00000000 00000000
0x000000010d099510:   00000000 00000000 00000000 00000000
0x000000010d099520:   00000000 00000000 00000000 00000000
0x000000010d099530:   00000000 00000000 00000000 00000000
0x000000010d099540:   00000000 00000000 00000000 00000000
0x000000010d099550:   00000000 00000000 00000000 00000000
0x000000010d099560:   00000000 00000000 00000000 00000000
0x000000010d099570:   00000000 00000000 00000000 00000000
0x000000010d099580:   00000000 00000000 00000000 00000000
0x000000010d099590:   00000000 00000000 00000000 00000000
0x000000010d0995a0:   00000000 00000000 00000000 00000000
0x000000010d0995b0:   00000000 00000000 00000000 00000000
0x000000010d0995c0:   00000000 00000000 00000000 00000000
0x000000010d0995d0:   00000000 00000000 00000000 00000000
0x000000010d0995e0:   00000000 00000000 00000000 00000000 


Stack slot to memory mapping:
stack at sp + 0 slots: 0x0000000127913980 is pointing into metadata
stack at sp + 1 slots: 0x0000000000000001 is an unknown value
stack at sp + 2 slots: 0x0000000170a76988 is pointing into the stack for thread: 0x0000000140808e00
stack at sp + 3 slots: 0x0 is NULL
stack at sp + 4 slots: 0x000000014085e6a8 points into unknown readable memory: 0x000000010416e878 | 78 e8 16 04 01 00 00 00
stack at sp + 5 slots: 0x000000015070ba38 is a global jni handle
stack at sp + 6 slots: 0x000000015070ba38 is a global jni handle
stack at sp + 7 slots: 0x00006000019a11f0 points into unknown readable memory: 0x00006000030a4310 | 10 43 0a 03 00 60 00 00

StubRoutines::SafeFetchN [0x000000010d0994ec, 0x000000010d0994f8] (12 bytes)
[MachCode]
  0x000000010d0994ec: 0100 40f9 | e003 01aa | c003 5fd6 
[/MachCode]

---------------  P R O C E S S  ---------------

Threads class SMR info:
_java_thread_list=0x0000600003212200, length=20, elements={
0x000000015100a200, 0x000000015082b000, 0x000000013080a400, 0x00000001510f4000,
0x000000013180a400, 0x000000015200ae00, 0x000000013080aa00, 0x0000000131008c00,
0x0000000140808800, 0x000000014080b000, 0x000000015082fe00, 0x000000014085de00,
0x000000012a134c00, 0x0000000140808e00, 0x000000014085e400, 0x0000000152020000,
0x000000012a1a4a00, 0x000000012a13ee00, 0x00000001512b9a00, 0x0000000131024c00
}

Java Threads: ( => current thread )
  0x000000015100a200 JavaThread "main" [_thread_blocked, id=6147, stack(0x000000016dc60000,0x000000016de63000)]
  0x000000015082b000 JavaThread "Reference Handler" daemon [_thread_blocked, id=18179, stack(0x000000016eab4000,0x000000016ecb7000)]
  0x000000013080a400 JavaThread "Finalizer" daemon [_thread_blocked, id=17923, stack(0x000000016ecc0000,0x000000016eec3000)]
  0x00000001510f4000 JavaThread "Signal Dispatcher" daemon [_thread_blocked, id=41987, stack(0x000000016efe4000,0x000000016f1e7000)]
  0x000000013180a400 JavaThread "Service Thread" daemon [_thread_blocked, id=41475, stack(0x000000016f1f0000,0x000000016f3f3000)]
  0x000000015200ae00 JavaThread "Monitor Deflation Thread" daemon [_thread_blocked, id=22531, stack(0x000000016f3fc000,0x000000016f5ff000)]
  0x000000013080aa00 JavaThread "C2 CompilerThread0" daemon [_thread_blocked, id=23043, stack(0x000000016f608000,0x000000016f80b000)]
  0x0000000131008c00 JavaThread "C1 CompilerThread0" daemon [_thread_blocked, id=40963, stack(0x000000016f814000,0x000000016fa17000)]
  0x0000000140808800 JavaThread "Sweeper thread" daemon [_thread_blocked, id=40707, stack(0x000000016fa20000,0x000000016fc23000)]
  0x000000014080b000 JavaThread "Common-Cleaner" daemon [_thread_blocked, id=24067, stack(0x000000016fc2c000,0x000000016fe2f000)]
  0x000000015082fe00 JavaThread "Monitor Ctrl-Break" daemon [_thread_in_native, id=40195, stack(0x0000000170044000,0x0000000170247000)]
  0x000000014085de00 JavaThread "Notification Thread" daemon [_thread_blocked, id=24835, stack(0x0000000170250000,0x0000000170453000)]
  0x000000012a134c00 JavaThread "QuantumRenderer-0" daemon [_thread_blocked, id=25603, stack(0x0000000170668000,0x000000017086b000)]
=>0x0000000140808e00 JavaThread "InvokeLaterDispatcher" daemon [_thread_in_native, id=36103, stack(0x0000000170874000,0x0000000170a77000)]
  0x000000014085e400 JavaThread "JavaFX Application Thread" [_thread_in_native, id=259, stack(0x000000016d3d8000,0x000000016dbd4000)]
  0x0000000152020000 JavaThread "JavaFX-Launcher" [_thread_blocked, id=53763, stack(0x0000000170c24000,0x0000000170e27000)]
  0x000000012a1a4a00 JavaThread "Prism Font Disposer" daemon [_thread_blocked, id=71483, stack(0x000000017103c000,0x000000017123f000)]
  0x000000012a13ee00 JavaThread "Cleaner-0" daemon [_thread_blocked, id=54035, stack(0x0000000172240000,0x0000000172443000)]
  0x00000001512b9a00 JavaThread "Attach Listener" daemon [_thread_blocked, id=1299, stack(0x000000017244c000,0x000000017264f000)]
  0x0000000131024c00 JavaThread "PulseTimer-CVDisplayLink thread" daemon [_thread_in_native, id=72967, stack(0x0000000170b0c000,0x0000000170b8f000)]

Other Threads:
  0x0000000150608980 VMThread "VM Thread" [stack: 0x000000016e8a8000,0x000000016eaab000] [id=16131]
  0x0000000140707c70 WatcherThread [stack: 0x000000017045c000,0x000000017065f000] [id=25091]
  0x0000000150707d90 GCTaskThread "GC Thread#0" [stack: 0x000000016de6c000,0x000000016e06f000] [id=20227]
  0x000000015183c2e0 GCTaskThread "GC Thread#1" [stack: 0x0000000171248000,0x000000017144b000] [id=71171]
  0x0000000140710100 GCTaskThread "GC Thread#2" [stack: 0x0000000171454000,0x0000000171657000] [id=70659]
  0x00000001407103b0 GCTaskThread "GC Thread#3" [stack: 0x0000000171660000,0x0000000171863000] [id=56835]
  0x0000000140710660 GCTaskThread "GC Thread#4" [stack: 0x000000017186c000,0x0000000171a6f000] [id=57347]
  0x0000000140710910 GCTaskThread "GC Thread#5" [stack: 0x0000000171a78000,0x0000000171c7b000] [id=57859]
  0x00000001410480f0 GCTaskThread "GC Thread#6" [stack: 0x0000000171c84000,0x0000000171e87000] [id=58371]
  0x0000000150708440 ConcurrentGCThread "G1 Main Marker" [stack: 0x000000016e078000,0x000000016e27b000] [id=19715]
  0x0000000150708cc0 ConcurrentGCThread "G1 Conc#0" [stack: 0x000000016e284000,0x000000016e487000] [id=13571]
  0x000000015070ab30 ConcurrentGCThread "G1 Refine#0" [stack: 0x000000016e490000,0x000000016e693000] [id=19203]
  0x0000000140609020 ConcurrentGCThread "G1 Refine#1" [stack: 0x0000000171e90000,0x0000000172093000] [id=58883]
  0x0000000141104080 ConcurrentGCThread "G1 Service" [stack: 0x000000016e69c000,0x000000016e89f000] [id=14339]

Threads with active compile tasks:

VM state: not at safepoint (normal execution)

VM Mutex/Monitor currently owned by a thread: None

Heap address: 0x0000000700000000, size: 4096 MB, Compressed Oops mode: Zero based, Oop shift amount: 3

CDS archive(s) mapped at: [0x0000000800000000-0x0000000800be4000-0x0000000800be4000), size 12468224, SharedBaseAddress: 0x0000000800000000, ArchiveRelocationMode: 0.
Compressed class space mapped at: 0x0000000800c00000-0x0000000840c00000, reserved size: 1073741824
Narrow klass base: 0x0000000800000000, Narrow klass shift: 0, Narrow klass range: 0x100000000

GC Precious Log:
 CPUs: 8 total, 8 available
 Memory: 16384M
 Large Page Support: Disabled
 NUMA Support: Disabled
 Compressed Oops: Enabled (Zero based)
 Heap Region Size: 2M
 Heap Min Capacity: 8M
 Heap Initial Capacity: 256M
 Heap Max Capacity: 4G
 Pre-touch: Disabled
 Parallel Workers: 8
 Concurrent Workers: 2
 Concurrent Refinement Workers: 8
 Periodic GC: Disabled

Heap:
 garbage-first heap   total 266240K, used 23774K [0x0000000700000000, 0x0000000800000000)
  region size 2048K, 7 young (14336K), 2 survivors (4096K)
 Metaspace       used 15629K, committed 15872K, reserved 1064960K
  class space    used 2335K, committed 2432K, reserved 1048576K

Heap Regions: E=young(eden), S=young(survivor), O=old, HS=humongous(starts), HC=humongous(continues), CS=collection set, F=free, OA=open archive, CA=closed archive, TAMS=top-at-mark-start (previous, next)
|   0|0x0000000700000000, 0x0000000700133800, 0x0000000700200000| 60%| O|  |TAMS 0x0000000700000000, 0x0000000700000000| Untracked 
|   1|0x0000000700200000, 0x0000000700400000, 0x0000000700400000|100%|HS|  |TAMS 0x0000000700200000, 0x0000000700200000| Complete 
|   2|0x0000000700400000, 0x0000000700600000, 0x0000000700600000|100%|HS|  |TAMS 0x0000000700400000, 0x0000000700400000| Complete 
|   3|0x0000000700600000, 0x0000000700800000, 0x0000000700800000|100%|HS|  |TAMS 0x0000000700600000, 0x0000000700600000| Complete 
|   4|0x0000000700800000, 0x0000000700a00000, 0x0000000700a00000|100%|HS|  |TAMS 0x0000000700800000, 0x0000000700800000| Complete 
|   5|0x0000000700a00000, 0x0000000700a00000, 0x0000000700c00000|  0%| F|  |TAMS 0x0000000700a00000, 0x0000000700a00000| Untracked 
|   6|0x0000000700c00000, 0x0000000700c00000, 0x0000000700e00000|  0%| F|  |TAMS 0x0000000700c00000, 0x0000000700c00000| Untracked 
|   7|0x0000000700e00000, 0x0000000700e00000, 0x0000000701000000|  0%| F|  |TAMS 0x0000000700e00000, 0x0000000700e00000| Untracked 
|   8|0x0000000701000000, 0x0000000701000000, 0x0000000701200000|  0%| F|  |TAMS 0x0000000701000000, 0x0000000701000000| Untracked 
|   9|0x0000000701200000, 0x0000000701200000, 0x0000000701400000|  0%| F|  |TAMS 0x0000000701200000, 0x0000000701200000| Untracked 
|  10|0x0000000701400000, 0x0000000701400000, 0x0000000701600000|  0%| F|  |TAMS 0x0000000701400000, 0x0000000701400000| Untracked 
|  11|0x0000000701600000, 0x0000000701600000, 0x0000000701800000|  0%| F|  |TAMS 0x0000000701600000, 0x0000000701600000| Untracked 
|  12|0x0000000701800000, 0x0000000701800000, 0x0000000701a00000|  0%| F|  |TAMS 0x0000000701800000, 0x0000000701800000| Untracked 
|  13|0x0000000701a00000, 0x0000000701a00000, 0x0000000701c00000|  0%| F|  |TAMS 0x0000000701a00000, 0x0000000701a00000| Untracked 
|  14|0x0000000701c00000, 0x0000000701c00000, 0x0000000701e00000|  0%| F|  |TAMS 0x0000000701c00000, 0x0000000701c00000| Untracked 
|  15|0x0000000701e00000, 0x0000000701e00000, 0x0000000702000000|  0%| F|  |TAMS 0x0000000701e00000, 0x0000000701e00000| Untracked 
|  16|0x0000000702000000, 0x0000000702000000, 0x0000000702200000|  0%| F|  |TAMS 0x0000000702000000, 0x0000000702000000| Untracked 
|  17|0x0000000702200000, 0x0000000702200000, 0x0000000702400000|  0%| F|  |TAMS 0x0000000702200000, 0x0000000702200000| Untracked 
|  18|0x0000000702400000, 0x0000000702400000, 0x0000000702600000|  0%| F|  |TAMS 0x0000000702400000, 0x0000000702400000| Untracked 
|  19|0x0000000702600000, 0x0000000702600000, 0x0000000702800000|  0%| F|  |TAMS 0x0000000702600000, 0x0000000702600000| Untracked 
|  20|0x0000000702800000, 0x0000000702800000, 0x0000000702a00000|  0%| F|  |TAMS 0x0000000702800000, 0x0000000702800000| Untracked 
|  21|0x0000000702a00000, 0x0000000702a00000, 0x0000000702c00000|  0%| F|  |TAMS 0x0000000702a00000, 0x0000000702a00000| Untracked 
|  22|0x0000000702c00000, 0x0000000702c00000, 0x0000000702e00000|  0%| F|  |TAMS 0x0000000702c00000, 0x0000000702c00000| Untracked 
|  23|0x0000000702e00000, 0x0000000702e00000, 0x0000000703000000|  0%| F|  |TAMS 0x0000000702e00000, 0x0000000702e00000| Untracked 
|  24|0x0000000703000000, 0x0000000703000000, 0x0000000703200000|  0%| F|  |TAMS 0x0000000703000000, 0x0000000703000000| Untracked 
|  25|0x0000000703200000, 0x0000000703200000, 0x0000000703400000|  0%| F|  |TAMS 0x0000000703200000, 0x0000000703200000| Untracked 
|  26|0x0000000703400000, 0x0000000703400000, 0x0000000703600000|  0%| F|  |TAMS 0x0000000703400000, 0x0000000703400000| Untracked 
|  27|0x0000000703600000, 0x0000000703600000, 0x0000000703800000|  0%| F|  |TAMS 0x0000000703600000, 0x0000000703600000| Untracked 
|  28|0x0000000703800000, 0x0000000703800000, 0x0000000703a00000|  0%| F|  |TAMS 0x0000000703800000, 0x0000000703800000| Untracked 
|  29|0x0000000703a00000, 0x0000000703a00000, 0x0000000703c00000|  0%| F|  |TAMS 0x0000000703a00000, 0x0000000703a00000| Untracked 
|  30|0x0000000703c00000, 0x0000000703c00000, 0x0000000703e00000|  0%| F|  |TAMS 0x0000000703c00000, 0x0000000703c00000| Untracked 
|  31|0x0000000703e00000, 0x0000000703e00000, 0x0000000704000000|  0%| F|  |TAMS 0x0000000703e00000, 0x0000000703e00000| Untracked 
|  32|0x0000000704000000, 0x0000000704000000, 0x0000000704200000|  0%| F|  |TAMS 0x0000000704000000, 0x0000000704000000| Untracked 
|  33|0x0000000704200000, 0x0000000704200000, 0x0000000704400000|  0%| F|  |TAMS 0x0000000704200000, 0x0000000704200000| Untracked 
|  34|0x0000000704400000, 0x0000000704400000, 0x0000000704600000|  0%| F|  |TAMS 0x0000000704400000, 0x0000000704400000| Untracked 
|  35|0x0000000704600000, 0x0000000704600000, 0x0000000704800000|  0%| F|  |TAMS 0x0000000704600000, 0x0000000704600000| Untracked 
|  36|0x0000000704800000, 0x0000000704800000, 0x0000000704a00000|  0%| F|  |TAMS 0x0000000704800000, 0x0000000704800000| Untracked 
|  37|0x0000000704a00000, 0x0000000704a00000, 0x0000000704c00000|  0%| F|  |TAMS 0x0000000704a00000, 0x0000000704a00000| Untracked 
|  38|0x0000000704c00000, 0x0000000704c00000, 0x0000000704e00000|  0%| F|  |TAMS 0x0000000704c00000, 0x0000000704c00000| Untracked 
|  39|0x0000000704e00000, 0x0000000704e00000, 0x0000000705000000|  0%| F|  |TAMS 0x0000000704e00000, 0x0000000704e00000| Untracked 
|  40|0x0000000705000000, 0x0000000705000000, 0x0000000705200000|  0%| F|  |TAMS 0x0000000705000000, 0x0000000705000000| Untracked 
|  41|0x0000000705200000, 0x0000000705200000, 0x0000000705400000|  0%| F|  |TAMS 0x0000000705200000, 0x0000000705200000| Untracked 
|  42|0x0000000705400000, 0x0000000705400000, 0x0000000705600000|  0%| F|  |TAMS 0x0000000705400000, 0x0000000705400000| Untracked 
|  43|0x0000000705600000, 0x0000000705600000, 0x0000000705800000|  0%| F|  |TAMS 0x0000000705600000, 0x0000000705600000| Untracked 
|  44|0x0000000705800000, 0x0000000705800000, 0x0000000705a00000|  0%| F|  |TAMS 0x0000000705800000, 0x0000000705800000| Untracked 
|  45|0x0000000705a00000, 0x0000000705a00000, 0x0000000705c00000|  0%| F|  |TAMS 0x0000000705a00000, 0x0000000705a00000| Untracked 
|  46|0x0000000705c00000, 0x0000000705c00000, 0x0000000705e00000|  0%| F|  |TAMS 0x0000000705c00000, 0x0000000705c00000| Untracked 
|  47|0x0000000705e00000, 0x0000000705e00000, 0x0000000706000000|  0%| F|  |TAMS 0x0000000705e00000, 0x0000000705e00000| Untracked 
|  48|0x0000000706000000, 0x0000000706000000, 0x0000000706200000|  0%| F|  |TAMS 0x0000000706000000, 0x0000000706000000| Untracked 
|  49|0x0000000706200000, 0x0000000706200000, 0x0000000706400000|  0%| F|  |TAMS 0x0000000706200000, 0x0000000706200000| Untracked 
|  50|0x0000000706400000, 0x0000000706400000, 0x0000000706600000|  0%| F|  |TAMS 0x0000000706400000, 0x0000000706400000| Untracked 
|  51|0x0000000706600000, 0x0000000706600000, 0x0000000706800000|  0%| F|  |TAMS 0x0000000706600000, 0x0000000706600000| Untracked 
|  52|0x0000000706800000, 0x0000000706800000, 0x0000000706a00000|  0%| F|  |TAMS 0x0000000706800000, 0x0000000706800000| Untracked 
|  53|0x0000000706a00000, 0x0000000706a00000, 0x0000000706c00000|  0%| F|  |TAMS 0x0000000706a00000, 0x0000000706a00000| Untracked 
|  54|0x0000000706c00000, 0x0000000706c00000, 0x0000000706e00000|  0%| F|  |TAMS 0x0000000706c00000, 0x0000000706c00000| Untracked 
|  55|0x0000000706e00000, 0x0000000706e00000, 0x0000000707000000|  0%| F|  |TAMS 0x0000000706e00000, 0x0000000706e00000| Untracked 
|  56|0x0000000707000000, 0x0000000707000000, 0x0000000707200000|  0%| F|  |TAMS 0x0000000707000000, 0x0000000707000000| Untracked 
|  57|0x0000000707200000, 0x0000000707200000, 0x0000000707400000|  0%| F|  |TAMS 0x0000000707200000, 0x0000000707200000| Untracked 
|  58|0x0000000707400000, 0x0000000707400000, 0x0000000707600000|  0%| F|  |TAMS 0x0000000707400000, 0x0000000707400000| Untracked 
|  59|0x0000000707600000, 0x0000000707600000, 0x0000000707800000|  0%| F|  |TAMS 0x0000000707600000, 0x0000000707600000| Untracked 
|  60|0x0000000707800000, 0x0000000707800000, 0x0000000707a00000|  0%| F|  |TAMS 0x0000000707800000, 0x0000000707800000| Untracked 
|  61|0x0000000707a00000, 0x0000000707a00000, 0x0000000707c00000|  0%| F|  |TAMS 0x0000000707a00000, 0x0000000707a00000| Untracked 
|  62|0x0000000707c00000, 0x0000000707c00000, 0x0000000707e00000|  0%| F|  |TAMS 0x0000000707c00000, 0x0000000707c00000| Untracked 
|  63|0x0000000707e00000, 0x0000000707e00000, 0x0000000708000000|  0%| F|  |TAMS 0x0000000707e00000, 0x0000000707e00000| Untracked 
|  64|0x0000000708000000, 0x0000000708000000, 0x0000000708200000|  0%| F|  |TAMS 0x0000000708000000, 0x0000000708000000| Untracked 
|  65|0x0000000708200000, 0x0000000708200000, 0x0000000708400000|  0%| F|  |TAMS 0x0000000708200000, 0x0000000708200000| Untracked 
|  66|0x0000000708400000, 0x0000000708400000, 0x0000000708600000|  0%| F|  |TAMS 0x0000000708400000, 0x0000000708400000| Untracked 
|  67|0x0000000708600000, 0x0000000708600000, 0x0000000708800000|  0%| F|  |TAMS 0x0000000708600000, 0x0000000708600000| Untracked 
|  68|0x0000000708800000, 0x0000000708800000, 0x0000000708a00000|  0%| F|  |TAMS 0x0000000708800000, 0x0000000708800000| Untracked 
|  69|0x0000000708a00000, 0x0000000708a00000, 0x0000000708c00000|  0%| F|  |TAMS 0x0000000708a00000, 0x0000000708a00000| Untracked 
|  70|0x0000000708c00000, 0x0000000708c00000, 0x0000000708e00000|  0%| F|  |TAMS 0x0000000708c00000, 0x0000000708c00000| Untracked 
|  71|0x0000000708e00000, 0x0000000708e00000, 0x0000000709000000|  0%| F|  |TAMS 0x0000000708e00000, 0x0000000708e00000| Untracked 
|  72|0x0000000709000000, 0x0000000709000000, 0x0000000709200000|  0%| F|  |TAMS 0x0000000709000000, 0x0000000709000000| Untracked 
|  73|0x0000000709200000, 0x0000000709200000, 0x0000000709400000|  0%| F|  |TAMS 0x0000000709200000, 0x0000000709200000| Untracked 
|  74|0x0000000709400000, 0x0000000709400000, 0x0000000709600000|  0%| F|  |TAMS 0x0000000709400000, 0x0000000709400000| Untracked 
|  75|0x0000000709600000, 0x0000000709600000, 0x0000000709800000|  0%| F|  |TAMS 0x0000000709600000, 0x0000000709600000| Untracked 
|  76|0x0000000709800000, 0x0000000709800000, 0x0000000709a00000|  0%| F|  |TAMS 0x0000000709800000, 0x0000000709800000| Untracked 
|  77|0x0000000709a00000, 0x0000000709a00000, 0x0000000709c00000|  0%| F|  |TAMS 0x0000000709a00000, 0x0000000709a00000| Untracked 
|  78|0x0000000709c00000, 0x0000000709c00000, 0x0000000709e00000|  0%| F|  |TAMS 0x0000000709c00000, 0x0000000709c00000| Untracked 
|  79|0x0000000709e00000, 0x0000000709e00000, 0x000000070a000000|  0%| F|  |TAMS 0x0000000709e00000, 0x0000000709e00000| Untracked 
|  80|0x000000070a000000, 0x000000070a000000, 0x000000070a200000|  0%| F|  |TAMS 0x000000070a000000, 0x000000070a000000| Untracked 
|  81|0x000000070a200000, 0x000000070a200000, 0x000000070a400000|  0%| F|  |TAMS 0x000000070a200000, 0x000000070a200000| Untracked 
|  82|0x000000070a400000, 0x000000070a400000, 0x000000070a600000|  0%| F|  |TAMS 0x000000070a400000, 0x000000070a400000| Untracked 
|  83|0x000000070a600000, 0x000000070a600000, 0x000000070a800000|  0%| F|  |TAMS 0x000000070a600000, 0x000000070a600000| Untracked 
|  84|0x000000070a800000, 0x000000070a800000, 0x000000070aa00000|  0%| F|  |TAMS 0x000000070a800000, 0x000000070a800000| Untracked 
|  85|0x000000070aa00000, 0x000000070aa00000, 0x000000070ac00000|  0%| F|  |TAMS 0x000000070aa00000, 0x000000070aa00000| Untracked 
|  86|0x000000070ac00000, 0x000000070ac00000, 0x000000070ae00000|  0%| F|  |TAMS 0x000000070ac00000, 0x000000070ac00000| Untracked 
|  87|0x000000070ae00000, 0x000000070ae00000, 0x000000070b000000|  0%| F|  |TAMS 0x000000070ae00000, 0x000000070ae00000| Untracked 
|  88|0x000000070b000000, 0x000000070b000000, 0x000000070b200000|  0%| F|  |TAMS 0x000000070b000000, 0x000000070b000000| Untracked 
|  89|0x000000070b200000, 0x000000070b200000, 0x000000070b400000|  0%| F|  |TAMS 0x000000070b200000, 0x000000070b200000| Untracked 
|  90|0x000000070b400000, 0x000000070b400000, 0x000000070b600000|  0%| F|  |TAMS 0x000000070b400000, 0x000000070b400000| Untracked 
|  91|0x000000070b600000, 0x000000070b600000, 0x000000070b800000|  0%| F|  |TAMS 0x000000070b600000, 0x000000070b600000| Untracked 
|  92|0x000000070b800000, 0x000000070b800000, 0x000000070ba00000|  0%| F|  |TAMS 0x000000070b800000, 0x000000070b800000| Untracked 
|  93|0x000000070ba00000, 0x000000070ba00000, 0x000000070bc00000|  0%| F|  |TAMS 0x000000070ba00000, 0x000000070ba00000| Untracked 
|  94|0x000000070bc00000, 0x000000070bc00000, 0x000000070be00000|  0%| F|  |TAMS 0x000000070bc00000, 0x000000070bc00000| Untracked 
|  95|0x000000070be00000, 0x000000070be00000, 0x000000070c000000|  0%| F|  |TAMS 0x000000070be00000, 0x000000070be00000| Untracked 
|  96|0x000000070c000000, 0x000000070c000000, 0x000000070c200000|  0%| F|  |TAMS 0x000000070c000000, 0x000000070c000000| Untracked 
|  97|0x000000070c200000, 0x000000070c200000, 0x000000070c400000|  0%| F|  |TAMS 0x000000070c200000, 0x000000070c200000| Untracked 
|  98|0x000000070c400000, 0x000000070c400000, 0x000000070c600000|  0%| F|  |TAMS 0x000000070c400000, 0x000000070c400000| Untracked 
|  99|0x000000070c600000, 0x000000070c600000, 0x000000070c800000|  0%| F|  |TAMS 0x000000070c600000, 0x000000070c600000| Untracked 
| 100|0x000000070c800000, 0x000000070c800000, 0x000000070ca00000|  0%| F|  |TAMS 0x000000070c800000, 0x000000070c800000| Untracked 
| 101|0x000000070ca00000, 0x000000070ca00000, 0x000000070cc00000|  0%| F|  |TAMS 0x000000070ca00000, 0x000000070ca00000| Untracked 
| 102|0x000000070cc00000, 0x000000070cc00000, 0x000000070ce00000|  0%| F|  |TAMS 0x000000070cc00000, 0x000000070cc00000| Untracked 
| 103|0x000000070ce00000, 0x000000070ce00000, 0x000000070d000000|  0%| F|  |TAMS 0x000000070ce00000, 0x000000070ce00000| Untracked 
| 104|0x000000070d000000, 0x000000070d000000, 0x000000070d200000|  0%| F|  |TAMS 0x000000070d000000, 0x000000070d000000| Untracked 
| 105|0x000000070d200000, 0x000000070d200000, 0x000000070d400000|  0%| F|  |TAMS 0x000000070d200000, 0x000000070d200000| Untracked 
| 106|0x000000070d400000, 0x000000070d400000, 0x000000070d600000|  0%| F|  |TAMS 0x000000070d400000, 0x000000070d400000| Untracked 
| 107|0x000000070d600000, 0x000000070d600000, 0x000000070d800000|  0%| F|  |TAMS 0x000000070d600000, 0x000000070d600000| Untracked 
| 108|0x000000070d800000, 0x000000070d800000, 0x000000070da00000|  0%| F|  |TAMS 0x000000070d800000, 0x000000070d800000| Untracked 
| 109|0x000000070da00000, 0x000000070da00000, 0x000000070dc00000|  0%| F|  |TAMS 0x000000070da00000, 0x000000070da00000| Untracked 
| 110|0x000000070dc00000, 0x000000070dc00000, 0x000000070de00000|  0%| F|  |TAMS 0x000000070dc00000, 0x000000070dc00000| Untracked 
| 111|0x000000070de00000, 0x000000070de00000, 0x000000070e000000|  0%| F|  |TAMS 0x000000070de00000, 0x000000070de00000| Untracked 
| 112|0x000000070e000000, 0x000000070e000000, 0x000000070e200000|  0%| F|  |TAMS 0x000000070e000000, 0x000000070e000000| Untracked 
| 113|0x000000070e200000, 0x000000070e200000, 0x000000070e400000|  0%| F|  |TAMS 0x000000070e200000, 0x000000070e200000| Untracked 
| 114|0x000000070e400000, 0x000000070e400000, 0x000000070e600000|  0%| F|  |TAMS 0x000000070e400000, 0x000000070e400000| Untracked 
| 115|0x000000070e600000, 0x000000070e800000, 0x000000070e800000|100%| S|CS|TAMS 0x000000070e600000, 0x000000070e600000| Complete 
| 116|0x000000070e800000, 0x000000070ea00000, 0x000000070ea00000|100%| S|CS|TAMS 0x000000070e800000, 0x000000070e800000| Complete 
| 117|0x000000070ea00000, 0x000000070ea00000, 0x000000070ec00000|  0%| F|  |TAMS 0x000000070ea00000, 0x000000070ea00000| Untracked 
| 118|0x000000070ec00000, 0x000000070ec00000, 0x000000070ee00000|  0%| F|  |TAMS 0x000000070ec00000, 0x000000070ec00000| Untracked 
| 119|0x000000070ee00000, 0x000000070ee00000, 0x000000070f000000|  0%| F|  |TAMS 0x000000070ee00000, 0x000000070ee00000| Untracked 
| 120|0x000000070f000000, 0x000000070f000000, 0x000000070f200000|  0%| F|  |TAMS 0x000000070f000000, 0x000000070f000000| Untracked 
| 121|0x000000070f200000, 0x000000070f200000, 0x000000070f400000|  0%| F|  |TAMS 0x000000070f200000, 0x000000070f200000| Untracked 
| 122|0x000000070f400000, 0x000000070f400000, 0x000000070f600000|  0%| F|  |TAMS 0x000000070f400000, 0x000000070f400000| Untracked 
| 123|0x000000070f600000, 0x000000070f77c560, 0x000000070f800000| 74%| E|  |TAMS 0x000000070f600000, 0x000000070f600000| Complete 
| 124|0x000000070f800000, 0x000000070fa00000, 0x000000070fa00000|100%| E|CS|TAMS 0x000000070f800000, 0x000000070f800000| Complete 
| 125|0x000000070fa00000, 0x000000070fc00000, 0x000000070fc00000|100%| E|CS|TAMS 0x000000070fa00000, 0x000000070fa00000| Complete 
| 126|0x000000070fc00000, 0x000000070fe00000, 0x000000070fe00000|100%| E|CS|TAMS 0x000000070fc00000, 0x000000070fc00000| Complete 
| 127|0x000000070fe00000, 0x0000000710000000, 0x0000000710000000|100%| E|CS|TAMS 0x000000070fe00000, 0x000000070fe00000| Complete 
|2046|0x00000007ffc00000, 0x00000007ffd80000, 0x00000007ffe00000| 75%|OA|  |TAMS 0x00000007ffc00000, 0x00000007ffc00000| Untracked 
|2047|0x00000007ffe00000, 0x00000007ffe84000, 0x0000000800000000| 25%|CA|  |TAMS 0x00000007ffe00000, 0x00000007ffe00000| Untracked 

Card table byte_map: [0x000000011c098000,0x000000011c898000] _byte_map_base: 0x0000000118898000

Marking Bits (Prev, Next): (CMBitMap*) 0x0000000140808210, (CMBitMap*) 0x0000000140808250
 Prev Bits: [0x000000011d098000, 0x0000000121098000)
 Next Bits: [0x0000000121098000, 0x0000000125098000)

Polling page: 0x00000001023b0000

Metaspace:

Usage:
  Non-class:     12.98 MB used.
      Class:      2.28 MB used.
       Both:     15.26 MB used.

Virtual space:
  Non-class space:       16.00 MB reserved,      13.12 MB ( 82%) committed,  2 nodes.
      Class space:        1.00 GB reserved,       2.38 MB ( <1%) committed,  1 nodes.
             Both:        1.02 GB reserved,      15.50 MB (  1%) committed. 

Chunk freelists:
   Non-Class:  2.48 MB
       Class:  1.64 MB
        Both:  4.12 MB

MaxMetaspaceSize: unlimited
CompressedClassSpaceSize: 1.00 GB
Initial GC threshold: 21.00 MB
Current GC threshold: 21.00 MB
CDS: on
MetaspaceReclaimPolicy: balanced
 - commit_granule_bytes: 65536.
 - commit_granule_words: 8192.
 - virtual_space_node_default_size: 1048576.
 - enlarge_chunks_in_place: 1.
 - new_chunks_are_fully_committed: 0.
 - uncommit_free_chunks: 1.
 - use_allocation_guard: 0.
 - handle_deallocations: 1.


Internal statistics:

num_allocs_failed_limit: 0.
num_arena_births: 220.
num_arena_deaths: 0.
num_vsnodes_births: 3.
num_vsnodes_deaths: 0.
num_space_committed: 248.
num_space_uncommitted: 0.
num_chunks_returned_to_freelist: 0.
num_chunks_taken_from_freelist: 735.
num_chunk_merges: 0.
num_chunk_splits: 517.
num_chunks_enlarged: 413.
num_purges: 0.
num_inconsistent_stats: 0.

CodeHeap 'non-profiled nmethods': size=120032Kb used=1056Kb max_used=1056Kb free=118975Kb
 bounds [0x0000000114b60000, 0x0000000114dd0000, 0x000000011c098000]
CodeHeap 'profiled nmethods': size=120016Kb used=4487Kb max_used=4487Kb free=115528Kb
 bounds [0x000000010d62c000, 0x000000010da9c000, 0x0000000114b60000]
CodeHeap 'non-nmethods': size=5712Kb used=1375Kb max_used=1452Kb free=4337Kb
 bounds [0x000000010d098000, 0x000000010d308000, 0x000000010d62c000]
 total_blobs=3121 nmethods=2355 adapters=681
 compilation: enabled
              stopped_count=0, restarted_count=0
 full_count=0

Compilation events (20 events):
Event: 4.450 Thread 0x0000000131008c00 nmethod 2361 0x000000010da82890 code [0x000000010da82a40, 0x000000010da82c28]
Event: 4.462 Thread 0x0000000131008c00 2362       3       javafx.scene.Parent::layout (160 bytes)
Event: 4.462 Thread 0x0000000131008c00 nmethod 2362 0x000000010da82d10 code [0x000000010da83000, 0x000000010da840c8]
Event: 4.512 Thread 0x0000000131008c00 2363       3       java.util.concurrent.locks.AbstractQueuedSynchronizer$Node::getAndUnsetStatus (14 bytes)
Event: 4.512 Thread 0x0000000131008c00 nmethod 2363 0x000000010da84490 code [0x000000010da84680, 0x000000010da84998]
Event: 4.562 Thread 0x0000000131008c00 2364       3       java.util.WeakHashMap::putAll (133 bytes)
Event: 4.562 Thread 0x0000000131008c00 nmethod 2364 0x000000010da84b10 code [0x000000010da84dc0, 0x000000010da85a18]
Event: 4.573 Thread 0x0000000131008c00 2365       3       com.sun.javafx.event.CompositeEventDispatcher::dispatchBubblingEvent (35 bytes)
Event: 4.574 Thread 0x0000000131008c00 nmethod 2365 0x000000010da85d10 code [0x000000010da85f00, 0x000000010da86408]
Event: 4.596 Thread 0x0000000131008c00 2366       3       javafx.scene.Node::isPickOnBounds (19 bytes)
Event: 4.596 Thread 0x0000000131008c00 nmethod 2366 0x000000010da86590 code [0x000000010da86740, 0x000000010da86b18]
Event: 4.596 Thread 0x0000000131008c00 2367       3       java.util.ArrayDeque::isEmpty (17 bytes)
Event: 4.596 Thread 0x0000000131008c00 nmethod 2367 0x000000010da86c90 code [0x000000010da86e40, 0x000000010da86fe8]
Event: 4.618 Thread 0x0000000131008c00 2368       3       javafx.scene.input.MouseEvent::copyFor (7 bytes)
Event: 4.618 Thread 0x0000000131008c00 nmethod 2368 0x000000010da87090 code [0x000000010da87240, 0x000000010da87458]
Event: 4.641 Thread 0x0000000131008c00 2369       3       javafx.scene.input.MouseEvent::copyFor (18 bytes)
Event: 4.641 Thread 0x0000000131008c00 nmethod 2369 0x000000010da87510 code [0x000000010da87700, 0x000000010da87b88]
Event: 4.641 Thread 0x0000000131008c00 2370       3       javafx.scene.input.MouseEvent::recomputeCoordinatesToSource (34 bytes)
Event: 4.642 Thread 0x0000000131008c00 nmethod 2370 0x000000010da87d10 code [0x000000010da87ec0, 0x000000010da880d8]
Event: 4.679 Thread 0x0000000131008c00 2371       3       java.util.concurrent.locks.AbstractQueuedSynchronizer$ConditionObject::signal (34 bytes)

GC Heap History (2 events):
Event: 0.795 GC heap before
{Heap before GC invocations=0 (full 0):
 garbage-first heap   total 266240K, used 22544K [0x0000000700000000, 0x0000000800000000)
  region size 2048K, 11 young (22528K), 0 survivors (0K)
 Metaspace       used 12724K, committed 12928K, reserved 1064960K
  class space    used 1971K, committed 2048K, reserved 1048576K
}
Event: 0.799 GC heap after
{Heap after GC invocations=1 (full 0):
 garbage-first heap   total 266240K, used 7390K [0x0000000700000000, 0x0000000800000000)
  region size 2048K, 2 young (4096K), 2 survivors (4096K)
 Metaspace       used 12724K, committed 12928K, reserved 1064960K
  class space    used 1971K, committed 2048K, reserved 1048576K
}

Deoptimization events (20 events):
Event: 2.965 Thread 0x000000012a134c00 Uncommon trap: trap_request=0xffffffbe fr.pc=0x0000000114c2b890 relative=0x0000000000001b50
Event: 2.965 Thread 0x000000012a134c00 Uncommon trap: reason=profile_predicate action=maybe_recompile pc=0x0000000114c2b890 method=com.sun.marlin.Renderer._endRendering(IILcom/sun/marlin/MarlinAlphaConsumer;)V @ 238 c2
Event: 2.965 Thread 0x000000012a134c00 DEOPT PACKING pc=0x0000000114c2b890 sp=0x00000001708689b0
Event: 2.965 Thread 0x000000012a134c00 DEOPT UNPACKING pc=0x000000010d0d6d1c sp=0x00000001708687c0 mode 2
Event: 2.965 Thread 0x000000012a134c00 Uncommon trap: trap_request=0xffffff45 fr.pc=0x0000000114c0d674 relative=0x0000000000001ff4
Event: 2.965 Thread 0x000000012a134c00 Uncommon trap: reason=unstable_if action=reinterpret pc=0x0000000114c0d674 method=com.sun.marlin.Renderer._endRendering(IILcom/sun/marlin/MarlinAlphaConsumer;)V @ 2268 c2
Event: 2.965 Thread 0x000000012a134c00 DEOPT PACKING pc=0x0000000114c0d674 sp=0x0000000170868920
Event: 2.965 Thread 0x000000012a134c00 DEOPT UNPACKING pc=0x000000010d0d6d1c sp=0x00000001708687c0 mode 2
Event: 3.397 Thread 0x000000012a134c00 DEOPT PACKING pc=0x000000010d961bd4 sp=0x00000001708689f0
Event: 3.397 Thread 0x000000012a134c00 DEOPT UNPACKING pc=0x000000010d0d6b7c sp=0x0000000170868610 mode 0
Event: 3.502 Thread 0x000000012a134c00 DEOPT PACKING pc=0x000000010d917560 sp=0x0000000170868cc0
Event: 3.502 Thread 0x000000012a134c00 DEOPT UNPACKING pc=0x000000010d0d6b7c sp=0x0000000170868960 mode 0
Event: 3.502 Thread 0x000000012a134c00 DEOPT PACKING pc=0x000000010d917560 sp=0x0000000170868cc0
Event: 3.502 Thread 0x000000012a134c00 DEOPT UNPACKING pc=0x000000010d0d6b7c sp=0x0000000170868960 mode 0
Event: 3.597 Thread 0x000000012a134c00 Uncommon trap: trap_request=0xffffff45 fr.pc=0x0000000114c2b374 relative=0x0000000000001634
Event: 3.597 Thread 0x000000012a134c00 Uncommon trap: reason=unstable_if action=reinterpret pc=0x0000000114c2b374 method=com.sun.marlin.Renderer._endRendering(IILcom/sun/marlin/MarlinAlphaConsumer;)V @ 325 c2
Event: 3.597 Thread 0x000000012a134c00 DEOPT PACKING pc=0x0000000114c2b374 sp=0x00000001708689b0
Event: 3.597 Thread 0x000000012a134c00 DEOPT UNPACKING pc=0x000000010d0d6d1c sp=0x00000001708687c0 mode 2
Event: 3.914 Thread 0x000000012a134c00 DEOPT PACKING pc=0x000000010d9e9580 sp=0x00000001708688d0
Event: 3.914 Thread 0x000000012a134c00 DEOPT UNPACKING pc=0x000000010d0d6b7c sp=0x00000001708684d0 mode 0

Classes unloaded (0 events):
No events

Classes redefined (0 events):
No events

Internal exceptions (20 events):
Event: 0.576 Thread 0x000000014085e400 Implicit null exception at 0x0000000114bade94 to 0x0000000114bae224
Event: 0.576 Thread 0x000000014085e400 Implicit null exception at 0x0000000114bad394 to 0x0000000114bad718
Event: 0.576 Thread 0x000000014085e400 Implicit null exception at 0x0000000114b75754 to 0x0000000114b757c0
Event: 0.616 Thread 0x000000014085e400 Exception <a 'java/lang/NoSuchMethodError'{0x000000070ef077e8}: 'java.lang.Object java.lang.invoke.DirectMethodHandle$Holder.invokeInterface(java.lang.Object, java.lang.Object, java.lang.Object)'> (0x000000070ef077e8) 
thrown [src/hotspot/share/interpreter/linkResolver.cpp, line 766]
Event: 0.616 Thread 0x000000014085e400 Exception <a 'java/lang/IncompatibleClassChangeError'{0x000000070ef0b170}: Found class java.lang.Object, but interface was expected> (0x000000070ef0b170) 
thrown [src/hotspot/share/interpreter/linkResolver.cpp, line 833]
Event: 0.711 Thread 0x000000014085e400 Exception <a 'java/lang/ClassNotFoundException'{0x000000070ec77d10}: com/sun/javafx/scene/control/skin/resources/controls> (0x000000070ec77d10) 
thrown [src/hotspot/share/prims/jni.cpp, line 535]
Event: 0.711 Thread 0x000000014085e400 Exception <a 'java/lang/ClassNotFoundException'{0x000000070ec859a0}: com/sun/javafx/scene/control/skin/resources/controls_it> (0x000000070ec859a0) 
thrown [src/hotspot/share/prims/jni.cpp, line 535]
Event: 0.712 Thread 0x000000014085e400 Exception <a 'java/lang/ClassNotFoundException'{0x000000070ec932c8}: com/sun/javafx/scene/control/skin/resources/controls_it_IT> (0x000000070ec932c8) 
thrown [src/hotspot/share/prims/jni.cpp, line 535]
Event: 0.725 Thread 0x000000014085e400 Exception <a 'java/lang/NoSuchMethodError'{0x000000070ed99ca0}: 'int java.lang.invoke.DirectMethodHandle$Holder.invokeSpecial(java.lang.Object, java.lang.Object, int)'> (0x000000070ed99ca0) 
thrown [src/hotspot/share/interpreter/linkResolver.cpp, line 766]
Event: 0.810 Thread 0x000000014085e400 Exception <a 'java/lang/NoSuchMethodError'{0x000000070feb4dd8}: 'void java.lang.invoke.DirectMethodHandle$Holder.invokeSpecial(java.lang.Object, java.lang.Object, java.lang.Object, java.lang.Object, java.lang.Object, java.lang.Object)'> (0x000000070feb4dd8) 
thrown [src/hotspot/share/interpreter/linkResolver.cpp, line 766]
Event: 0.852 Thread 0x000000014085e400 Exception <a 'java/lang/NoSuchMethodError'{0x000000070fcfdd10}: 'java.lang.Object java.lang.invoke.DirectMethodHandle$Holder.newInvokeSpecial(java.lang.Object, java.lang.Object, int, int)'> (0x000000070fcfdd10) 
thrown [src/hotspot/share/interpreter/linkResolver.cpp, line 766]
Event: 0.857 Thread 0x000000014085e400 Exception <a 'java/lang/NoSuchMethodError'{0x000000070fd12fb8}: 'java.lang.Object java.lang.invoke.DirectMethodHandle$Holder.newInvokeSpecial(java.lang.Object, java.lang.Object, int)'> (0x000000070fd12fb8) 
thrown [src/hotspot/share/interpreter/linkResolver.cpp, line 766]
Event: 0.914 Thread 0x000000012a134c00 Exception <a 'java/lang/NoSuchMethodError'{0x000000070faf9e50}: 'int java.lang.invoke.DirectMethodHandle$Holder.invokeStaticInit(java.lang.Object, java.lang.Object)'> (0x000000070faf9e50) 
thrown [src/hotspot/share/interpreter/linkResolver.cpp, line 766]
Event: 2.843 Thread 0x000000014085e400 Exception <a 'java/lang/NoSuchMethodError'{0x000000070fa5b250}: 'java.lang.Object java.lang.invoke.DirectMethodHandle$Holder.newInvokeSpecial(java.lang.Object, java.lang.Object, int, int, int, int, int, java.lang.Object)'> (0x000000070fa5b250) 
thrown [src/hotspot/share/interpreter/linkResolver.cpp, line 766]
Event: 2.843 Thread 0x000000014085e400 Exception <a 'java/lang/NoSuchMethodError'{0x000000070fa6e230}: 'java.lang.Object java.lang.invoke.DirectMethodHandle$Holder.newInvokeSpecial(java.lang.Object, java.lang.Object, java.lang.Object, int, int, int, int, int)'> (0x000000070fa6e230) 
thrown [src/hotspot/share/interpreter/linkResolver.cpp, line 766]
Event: 2.843 Thread 0x000000014085e400 Exception <a 'java/lang/NoSuchMethodError'{0x000000070fa75a90}: 'java.lang.Object java.lang.invoke.Invokers$Holder.linkToTargetMethod(java.lang.Object, java.lang.Object, int, int, int, int, int, java.lang.Object)'> (0x000000070fa75a90) 
thrown [src/hotspot/share/interpreter/linkResolver.cpp, line 766]
Event: 2.845 Thread 0x000000014085e400 Exception <a 'java/lang/NoSuchMethodError'{0x000000070fa7b740}: 'long java.lang.invoke.DirectMethodHandle$Holder.invokeStatic(java.lang.Object, java.lang.Object, java.lang.Object)'> (0x000000070fa7b740) 
thrown [src/hotspot/share/interpreter/linkResolver.cpp, line 766]
Event: 2.845 Thread 0x000000014085e400 Exception <a 'java/lang/NoSuchMethodError'{0x000000070fa7eee8}: 'long java.lang.invoke.DirectMethodHandle$Holder.invokeStaticInit(java.lang.Object, java.lang.Object, java.lang.Object)'> (0x000000070fa7eee8) 
thrown [src/hotspot/share/interpreter/linkResolver.cpp, line 766]
Event: 2.846 Thread 0x000000014085e400 Exception <a 'java/lang/NoSuchMethodError'{0x000000070f65a9b0}: 'java.lang.Object java.lang.invoke.DirectMethodHandle$Holder.newInvokeSpecial(java.lang.Object, java.lang.Object, long)'> (0x000000070f65a9b0) 
thrown [src/hotspot/share/interpreter/linkResolver.cpp, line 766]
Event: 2.846 Thread 0x000000014085e400 Exception <a 'java/lang/NoSuchMethodError'{0x000000070f65e278}: 'java.lang.Object java.lang.invoke.Invokers$Holder.linkToTargetMethod(java.lang.Object, long, java.lang.Object)'> (0x000000070f65e278) 
thrown [src/hotspot/share/interpreter/linkResolver.cpp, line 766]

VM Operations (20 events):
Event: 0.517 Executing VM operation: HandshakeAllThreads
Event: 0.517 Executing VM operation: HandshakeAllThreads done
Event: 0.520 Executing VM operation: ICBufferFull
Event: 0.527 Executing VM operation: ICBufferFull done
Event: 0.540 Executing VM operation: HandshakeAllThreads
Event: 0.540 Executing VM operation: HandshakeAllThreads done
Event: 0.688 Executing VM operation: HandshakeAllThreads
Event: 0.688 Executing VM operation: HandshakeAllThreads done
Event: 0.760 Executing VM operation: ICBufferFull
Event: 0.769 Executing VM operation: ICBufferFull done
Event: 0.795 Executing VM operation: G1CollectForAllocation
Event: 0.801 Executing VM operation: G1CollectForAllocation done
Event: 0.899 Executing VM operation: ICBufferFull
Event: 0.899 Executing VM operation: ICBufferFull done
Event: 2.172 Executing VM operation: Cleanup
Event: 2.173 Executing VM operation: Cleanup done
Event: 2.962 Executing VM operation: ICBufferFull
Event: 2.962 Executing VM operation: ICBufferFull done
Event: 3.913 Executing VM operation: ICBufferFull
Event: 3.913 Executing VM operation: ICBufferFull done

Events (20 events):
Event: 1.278 loading class sun/util/locale/provider/BaseLocaleDataMetaInfo
Event: 1.278 loading class sun/util/locale/provider/BaseLocaleDataMetaInfo done
Event: 1.279 loading class sun/util/resources/cldr/TimeZoneNames
Event: 1.280 loading class sun/util/resources/TimeZoneNamesBundle
Event: 1.280 loading class sun/util/resources/OpenListResourceBundle
Event: 1.280 loading class sun/util/resources/OpenListResourceBundle done
Event: 1.280 loading class sun/util/resources/TimeZoneNamesBundle done
Event: 1.280 loading class sun/util/resources/cldr/TimeZoneNames done
Event: 1.280 loading class sun/util/resources/cldr/TimeZoneNames_en
Event: 1.281 loading class sun/util/resources/cldr/TimeZoneNames_en done
Event: 1.281 loading class sun/util/resources/cldr/TimeZoneNames_en_US
Event: 1.281 loading class sun/util/resources/cldr/TimeZoneNames_en_US done
Event: 1.281 loading class sun/util/resources/TimeZoneNames
Event: 1.282 loading class sun/util/resources/TimeZoneNames done
Event: 1.282 loading class sun/util/resources/TimeZoneNames_en
Event: 1.282 loading class sun/util/resources/TimeZoneNames_en done
Event: 1.468 Protecting memory [0x0000000170e30000,0x0000000170e3c000] with protection modes 3
Event: 1.468 Thread 0x0000000130808800 Thread exited: 0x0000000130808800
Event: 2.545 Protecting memory [0x0000000170b0c000,0x0000000170b18000] with protection modes 0
Event: 2.545 Thread 0x0000000131024c00 Thread added: 0x0000000131024c00


Dynamic libraries:
0x0000000102360000 	/Library/Java/JavaVirtualMachines/zulu-17.jdk/Contents/Home/lib/libjli.dylib
0x00000001b7cbb000 	/usr/lib/libz.1.dylib
0x00000001b7d6b000 	/usr/lib/libSystem.B.dylib
0x00000001b7d65000 	/usr/lib/system/libcache.dylib
0x00000001b7d23000 	/usr/lib/system/libcommonCrypto.dylib
0x00000001b7d4c000 	/usr/lib/system/libcompiler_rt.dylib
0x00000001b7d43000 	/usr/lib/system/libcopyfile.dylib
0x00000001ad0ae000 	/usr/lib/system/libcorecrypto.dylib
0x00000001ad153000 	/usr/lib/system/libdispatch.dylib
0x00000001ad31b000 	/usr/lib/system/libdyld.dylib
0x00000001b7d5b000 	/usr/lib/system/libkeymgr.dylib
0x00000001b7d05000 	/usr/lib/system/libmacho.dylib
0x00000001b7409000 	/usr/lib/system/libquarantine.dylib
0x00000001b7d58000 	/usr/lib/system/libremovefile.dylib
0x00000001b24aa000 	/usr/lib/system/libsystem_asl.dylib
0x00000001ad058000 	/usr/lib/system/libsystem_blocks.dylib
0x00000001ad1d9000 	/usr/lib/system/libsystem_c.dylib
0x00000001b7d50000 	/usr/lib/system/libsystem_collections.dylib
0x00000001b68c8000 	/usr/lib/system/libsystem_configuration.dylib
0x00000001b5b4c000 	/usr/lib/system/libsystem_containermanager.dylib
0x00000001b7a6c000 	/usr/lib/system/libsystem_coreservices.dylib
0x00000001afa3f000 	/usr/lib/system/libsystem_darwin.dylib
0x00000001b7d5c000 	/usr/lib/system/libsystem_dnssd.dylib
0x00000001ad1d6000 	/usr/lib/system/libsystem_featureflags.dylib
0x00000001ad330000 	/usr/lib/system/libsystem_info.dylib
0x00000001b7ccd000 	/usr/lib/system/libsystem_m.dylib
0x00000001ad128000 	/usr/lib/system/libsystem_malloc.dylib
0x00000001b243b000 	/usr/lib/system/libsystem_networkextension.dylib
0x00000001afe93000 	/usr/lib/system/libsystem_notify.dylib
0x00000001bdf71000 	/usr/lib/system/libsystem_product_info_filter.dylib
0x00000001b68cd000 	/usr/lib/system/libsystem_sandbox.dylib
0x00000001b7d55000 	/usr/lib/system/libsystem_secinit.dylib
0x00000001ad2d8000 	/usr/lib/system/libsystem_kernel.dylib
0x00000001ad328000 	/usr/lib/system/libsystem_platform.dylib
0x00000001ad30e000 	/usr/lib/system/libsystem_pthread.dylib
0x00000001b3be4000 	/usr/lib/system/libsystem_symptoms.dylib
0x00000001ad094000 	/usr/lib/system/libsystem_trace.dylib
0x00000001b7d30000 	/usr/lib/system/libunwind.dylib
0x00000001ad05a000 	/usr/lib/system/libxpc.dylib
0x00000001ad2be000 	/usr/lib/libc++abi.dylib
0x00000001ad19a000 	/usr/lib/libobjc.A.dylib
0x00000001b7d3b000 	/usr/lib/liboah.dylib
0x00000001ad25a000 	/usr/lib/libc++.1.dylib
0x00000001c396c000 	/System/Library/Frameworks/Cocoa.framework/Versions/A/Cocoa
0x00000001afef3000 	/System/Library/Frameworks/AppKit.framework/Versions/C/AppKit
0x00000001b3423000 	/System/Library/Frameworks/CoreData.framework/Versions/A/CoreData
0x00000001ae250000 	/System/Library/Frameworks/Foundation.framework/Versions/C/Foundation
0x00000001b0da7000 	/System/Library/PrivateFrameworks/UIFoundation.framework/Versions/A/UIFoundation
0x00000001bdc6b000 	/System/Library/PrivateFrameworks/RemoteViewServices.framework/Versions/A/RemoteViewServices
0x00000001b6286000 	/System/Library/PrivateFrameworks/XCTTargetBootstrap.framework/Versions/A/XCTTargetBootstrap
0x00000001b9a6c000 	/System/Library/PrivateFrameworks/InternationalSupport.framework/Versions/A/InternationalSupport
0x00000001b9af5000 	/System/Library/PrivateFrameworks/UserActivity.framework/Versions/A/UserActivity
0x00000001b8f9a000 	/usr/lib/libspindump.dylib
0x00000001b1017000 	/System/Library/Frameworks/UniformTypeIdentifiers.framework/Versions/A/UniformTypeIdentifiers
0x00000001b4813000 	/usr/lib/libapp_launch_measurement.dylib
0x00000001b3d8b000 	/System/Library/PrivateFrameworks/CoreAnalytics.framework/Versions/A/CoreAnalytics
0x00000001b4816000 	/System/Library/PrivateFrameworks/CoreAutoLayout.framework/Versions/A/CoreAutoLayout
0x00000001b5b89000 	/System/Library/Frameworks/Metal.framework/Versions/A/Metal
0x00000001b68d8000 	/usr/lib/liblangid.dylib
0x00000001b628a000 	/System/Library/PrivateFrameworks/CoreSVG.framework/Versions/A/CoreSVG
0x00000001b24de000 	/System/Library/PrivateFrameworks/SkyLight.framework/Versions/A/SkyLight
0x00000001b28a8000 	/System/Library/Frameworks/CoreGraphics.framework/Versions/A/CoreGraphics
0x00000001be2e8000 	/System/Library/Frameworks/Accelerate.framework/Versions/A/Accelerate
0x00000001b8a0e000 	/System/Library/PrivateFrameworks/IconServices.framework/Versions/A/IconServices
0x00000001b5b6b000 	/System/Library/Frameworks/IOSurface.framework/Versions/A/IOSurface
0x00000001b3dbb000 	/usr/lib/libDiagnosticMessagesClient.dylib
0x00000001c172f000 	/System/Library/Frameworks/ApplicationServices.framework/Versions/A/ApplicationServices
0x00000001b626e000 	/System/Library/PrivateFrameworks/DFRFoundation.framework/Versions/A/DFRFoundation
0x00000001af794000 	/usr/lib/libicucore.A.dylib
0x00000001ba86d000 	/System/Library/Frameworks/AudioToolbox.framework/Versions/A/AudioToolbox
0x00000001b9a78000 	/System/Library/PrivateFrameworks/DataDetectorsCore.framework/Versions/A/DataDetectorsCore
0x00000001cfbaa000 	/System/Library/PrivateFrameworks/TextInput.framework/Versions/A/TextInput
0x00000001b2455000 	/usr/lib/libMobileGestalt.dylib
0x00000001b5f3e000 	/System/Library/Frameworks/Carbon.framework/Versions/A/Frameworks/HIToolbox.framework/Versions/A/HIToolbox
0x00000001b421c000 	/System/Library/Frameworks/QuartzCore.framework/Versions/A/QuartzCore
0x00000001af411000 	/System/Library/Frameworks/Security.framework/Versions/A/Security
0x00000001bdcab000 	/System/Library/Frameworks/Carbon.framework/Versions/A/Frameworks/SpeechRecognition.framework/Versions/A/SpeechRecognition
0x00000001b456a000 	/System/Library/PrivateFrameworks/CoreUI.framework/Versions/A/CoreUI
0x00000001aece2000 	/System/Library/Frameworks/CoreAudio.framework/Versions/A/CoreAudio
0x00000001b3eaf000 	/System/Library/Frameworks/DiskArbitration.framework/Versions/A/DiskArbitration
0x00000001b937f000 	/System/Library/PrivateFrameworks/MultitouchSupport.framework/Versions/A/MultitouchSupport
0x00000001b2453000 	/usr/lib/libenergytrace.dylib
0x00000001afdbd000 	/System/Library/Frameworks/IOKit.framework/Versions/A/IOKit
0x00000001be094000 	/System/Library/Frameworks/CoreServices.framework/Versions/A/CoreServices
0x00000001b47a3000 	/System/Library/PrivateFrameworks/PerformanceAnalysis.framework/Versions/A/PerformanceAnalysis
0x000000020e71d000 	/System/Library/Frameworks/OpenGL.framework/Versions/A/OpenGL
0x00000001b7329000 	/System/Library/PrivateFrameworks/MobileKeyBag.framework/Versions/A/MobileKeyBag
0x00000001b2eb8000 	/System/Library/Frameworks/ColorSync.framework/Versions/A/ColorSync
0x00000001ad35c000 	/System/Library/Frameworks/CoreFoundation.framework/Versions/A/CoreFoundation
0x00000001b650b000 	/System/Library/Frameworks/CoreImage.framework/Versions/A/CoreImage
0x00000001aeb05000 	/System/Library/Frameworks/CoreText.framework/Versions/A/CoreText
0x00000001b62ba000 	/System/Library/Frameworks/ImageIO.framework/Versions/A/ImageIO
0x00000001b7d71000 	/System/Library/PrivateFrameworks/SoftLinking.framework/Versions/A/SoftLinking
0x00000001b4860000 	/usr/lib/libxml2.2.dylib
0x00000001b800a000 	/usr/lib/libcompression.dylib
0x00000001b99c5000 	/System/Library/PrivateFrameworks/TextureIO.framework/Versions/A/TextureIO
0x00000001b8728000 	/usr/lib/libate.dylib
0x00000001b85f0000 	/usr/lib/liblzma.5.dylib
0x00000001adf44000 	/System/Library/Frameworks/SystemConfiguration.framework/Versions/A/SystemConfiguration
0x00000001b7d6d000 	/usr/lib/libfakelink.dylib
0x00000001b1f82000 	/System/Library/Frameworks/CFNetwork.framework/Versions/A/CFNetwork
0x00000001b7eb4000 	/usr/lib/libarchive.2.dylib
0x00000001b68d4000 	/System/Library/PrivateFrameworks/AppleSystemInfo.framework/Versions/A/AppleSystemInfo
0x00000001b7434000 	/usr/lib/libbsm.0.dylib
0x00000001b14ba000 	/usr/lib/libnetwork.dylib
0x00000001b7d0b000 	/usr/lib/system/libkxld.dylib
0x00000001b704b000 	/System/Library/PrivateFrameworks/IOMobileFramebuffer.framework/Versions/A/IOMobileFramebuffer
0x000000022a482000 	/usr/lib/libCoreEntitlements.dylib
0x00000001b7a4e000 	/System/Library/PrivateFrameworks/AppleFSCompression.framework/Versions/A/AppleFSCompression
0x00000001b741c000 	/usr/lib/libcoretls.dylib
0x00000001b8609000 	/usr/lib/libcoretls_cfhelpers.dylib
0x00000001b8005000 	/usr/lib/libpam.2.dylib
0x00000001b380c000 	/usr/lib/libsqlite3.dylib
0x00000001b8671000 	/usr/lib/libxar.1.dylib
0x00000001b7a5f000 	/usr/lib/libbz2.1.0.dylib
0x00000001b7d72000 	/usr/lib/libpcap.A.dylib
0x00000001b3bdb000 	/usr/lib/libdns_services.dylib
0x00000001b7fd8000 	/usr/lib/libapple_nghttp2.dylib
0x00000001b7daf000 	/usr/lib/libiconv.2.dylib
0x00000001b7d04000 	/usr/lib/libcharset.1.dylib
0x00000001b47df000 	/System/Library/Frameworks/CoreServices.framework/Versions/A/Frameworks/FSEvents.framework/Versions/A/FSEvents
0x00000001afa4a000 	/System/Library/Frameworks/CoreServices.framework/Versions/A/Frameworks/CarbonCore.framework/Versions/A/CarbonCore
0x00000001b3e12000 	/System/Library/Frameworks/CoreServices.framework/Versions/A/Frameworks/Metadata.framework/Versions/A/Metadata
0x00000001b7a72000 	/System/Library/Frameworks/CoreServices.framework/Versions/A/Frameworks/OSServices.framework/Versions/A/OSServices
0x00000001b7f3a000 	/System/Library/Frameworks/CoreServices.framework/Versions/A/Frameworks/SearchKit.framework/Versions/A/SearchKit
0x00000001b3b69000 	/System/Library/Frameworks/CoreServices.framework/Versions/A/Frameworks/AE.framework/Versions/A/AE
0x00000001ad8a0000 	/System/Library/Frameworks/CoreServices.framework/Versions/A/Frameworks/LaunchServices.framework/Versions/A/LaunchServices
0x00000001b8599000 	/System/Library/Frameworks/CoreServices.framework/Versions/A/Frameworks/DictionaryServices.framework/Versions/A/DictionaryServices
0x00000001b47ec000 	/System/Library/Frameworks/CoreServices.framework/Versions/A/Frameworks/SharedFileList.framework/Versions/A/SharedFileList
0x00000001b740c000 	/usr/lib/libCheckFix.dylib
0x00000001b24c2000 	/System/Library/PrivateFrameworks/TCC.framework/Versions/A/TCC
0x00000001b68da000 	/System/Library/PrivateFrameworks/CoreNLP.framework/Versions/A/CoreNLP
0x00000001b3dbe000 	/System/Library/PrivateFrameworks/MetadataUtilities.framework/Versions/A/MetadataUtilities
0x00000001adffd000 	/usr/lib/libmecabra.dylib
0x00000001b7445000 	/usr/lib/libmecab.dylib
0x00000001adfc9000 	/usr/lib/libCRFSuite.dylib
0x00000001b74a3000 	/usr/lib/libgermantok.dylib
0x00000001b7fb1000 	/usr/lib/libThaiTokenizer.dylib
0x00000001b3eb7000 	/System/Library/Frameworks/Accelerate.framework/Versions/A/Frameworks/vImage.framework/Versions/A/vImage
0x00000001be06b000 	/System/Library/Frameworks/Accelerate.framework/Versions/A/Frameworks/vecLib.framework/Versions/A/vecLib
0x00000001b86b5000 	/System/Library/Frameworks/Accelerate.framework/Versions/A/Frameworks/vecLib.framework/Versions/A/libvMisc.dylib
0x00000001b6f55000 	/System/Library/Frameworks/Accelerate.framework/Versions/A/Frameworks/vecLib.framework/Versions/A/libvDSP.dylib
0x00000001adc23000 	/System/Library/Frameworks/Accelerate.framework/Versions/A/Frameworks/vecLib.framework/Versions/A/libBLAS.dylib
0x00000001b80d9000 	/System/Library/Frameworks/Accelerate.framework/Versions/A/Frameworks/vecLib.framework/Versions/A/libLAPACK.dylib
0x00000001b74a6000 	/System/Library/Frameworks/Accelerate.framework/Versions/A/Frameworks/vecLib.framework/Versions/A/libLinearAlgebra.dylib
0x00000001b7ff0000 	/System/Library/Frameworks/Accelerate.framework/Versions/A/Frameworks/vecLib.framework/Versions/A/libSparseBLAS.dylib
0x00000001b80d4000 	/System/Library/Frameworks/Accelerate.framework/Versions/A/Frameworks/vecLib.framework/Versions/A/libQuadrature.dylib
0x00000001b69d1000 	/System/Library/Frameworks/Accelerate.framework/Versions/A/Frameworks/vecLib.framework/Versions/A/libBNNS.dylib
0x00000001adee1000 	/System/Library/Frameworks/Accelerate.framework/Versions/A/Frameworks/vecLib.framework/Versions/A/libSparse.dylib
0x00000001b69c9000 	/System/Library/PrivateFrameworks/LinguisticData.framework/Versions/A/LinguisticData
0x00000001ade97000 	/System/Library/PrivateFrameworks/Lexicon.framework/Versions/A/Lexicon
0x00000001b86ad000 	/usr/lib/libChineseTokenizer.dylib
0x00000001ae63e000 	/System/Library/PrivateFrameworks/LanguageModeling.framework/Versions/A/LanguageModeling
0x00000001b7fb3000 	/System/Library/PrivateFrameworks/AppleSauce.framework/Versions/A/AppleSauce
0x00000001b7038000 	/System/Library/PrivateFrameworks/CoreEmoji.framework/Versions/A/CoreEmoji
0x00000001b7ea2000 	/usr/lib/libcmph.dylib
0x00000001b47bf000 	/System/Library/Frameworks/OpenDirectory.framework/Versions/A/Frameworks/CFOpenDirectory.framework/Versions/A/CFOpenDirectory
0x00000001b47af000 	/System/Library/Frameworks/OpenDirectory.framework/Versions/A/OpenDirectory
0x00000001b860b000 	/System/Library/PrivateFrameworks/APFS.framework/Versions/A/APFS
0x00000001b7364000 	/System/Library/Frameworks/SecurityFoundation.framework/Versions/A/SecurityFoundation
0x00000001b867f000 	/usr/lib/libutil.dylib
0x00000001afd7f000 	/System/Library/PrivateFrameworks/CoreServicesStore.framework/Versions/A/CoreServicesStore
0x00000001b8683000 	/usr/lib/libxslt.1.dylib
0x00000001b73f8000 	/System/Library/PrivateFrameworks/BackgroundTaskManagement.framework/Versions/A/BackgroundTaskManagement
0x00000001b98e6000 	/System/Library/Frameworks/ImageIO.framework/Versions/A/Resources/libRadiance.dylib
0x00000001b98ef000 	/System/Library/Frameworks/ImageIO.framework/Versions/A/Resources/libJPEG.dylib
0x00000001b9841000 	/System/Library/Frameworks/ImageIO.framework/Versions/A/Resources/libPng.dylib
0x00000001b9863000 	/System/Library/Frameworks/ImageIO.framework/Versions/A/Resources/libTIFF.dylib
0x00000001b994a000 	/System/Library/Frameworks/ImageIO.framework/Versions/A/Resources/libGIF.dylib
0x00000001b928f000 	/System/Library/Frameworks/ImageIO.framework/Versions/A/Resources/libJP2.dylib
0x00000001b89d4000 	/usr/lib/libexpat.1.dylib
0x00000001b924a000 	/System/Library/PrivateFrameworks/AppleJPEG.framework/Versions/A/AppleJPEG
0x00000001b5dfd000 	/System/Library/PrivateFrameworks/FontServices.framework/libFontParser.dylib
0x00000001b3b0e000 	/System/Library/PrivateFrameworks/RunningBoardServices.framework/Versions/A/RunningBoardServices
0x00000001c3fdf000 	/System/Library/PrivateFrameworks/IOSurfaceAccelerator.framework/Versions/A/IOSurfaceAccelerator
0x00000001b937b000 	/System/Library/PrivateFrameworks/WatchdogClient.framework/Versions/A/WatchdogClient
0x00000001ae742000 	/System/Library/Frameworks/CoreDisplay.framework/Versions/A/CoreDisplay
0x00000001b5ceb000 	/System/Library/Frameworks/CoreMedia.framework/Versions/A/CoreMedia
0x00000001b5b7f000 	/System/Library/PrivateFrameworks/IOAccelerator.framework/Versions/A/IOAccelerator
0x00000001b494d000 	/System/Library/Frameworks/CoreVideo.framework/Versions/A/CoreVideo
0x00000001b8003000 	/System/Library/Frameworks/MetalPerformanceShaders.framework/Versions/A/MetalPerformanceShaders
0x00000001b93b8000 	/System/Library/Frameworks/VideoToolbox.framework/Versions/A/VideoToolbox
0x00000001b3a52000 	/System/Library/PrivateFrameworks/BaseBoard.framework/Versions/A/BaseBoard
0x00000001b37f1000 	/System/Library/PrivateFrameworks/ProtocolBuffer.framework/Versions/A/ProtocolBuffer
0x00000001b98e1000 	/System/Library/PrivateFrameworks/GPUWrangler.framework/Versions/A/GPUWrangler
0x00000001b98c0000 	/System/Library/PrivateFrameworks/IOPresentment.framework/Versions/A/IOPresentment
0x00000001b98e9000 	/System/Library/PrivateFrameworks/DSExternalDisplay.framework/Versions/A/DSExternalDisplay
0x000000020e710000 	/System/Library/Frameworks/OpenGL.framework/Versions/A/Libraries/libCoreFSCache.dylib
0x0000000217ed1000 	/System/Library/PrivateFrameworks/GPUCompiler.framework/Versions/31001/Libraries/libGPUCompilerUtils.dylib
0x00000001b994f000 	/System/Library/PrivateFrameworks/CMCaptureCore.framework/Versions/A/CMCaptureCore
0x00000001b8f88000 	/System/Library/PrivateFrameworks/AppServerSupport.framework/Versions/A/AppServerSupport
0x00000001bb128000 	/System/Library/PrivateFrameworks/perfdata.framework/Versions/A/perfdata
0x00000001ae862000 	/System/Library/PrivateFrameworks/AudioToolboxCore.framework/Versions/A/AudioToolboxCore
0x00000001b5cc3000 	/System/Library/PrivateFrameworks/caulk.framework/Versions/A/caulk
0x00000001baa1d000 	/usr/lib/libAudioStatistics.dylib
0x00000001cc323000 	/System/Library/PrivateFrameworks/SystemPolicy.framework/Versions/A/SystemPolicy
0x00000001bac7d000 	/usr/lib/libSMC.dylib
0x00000001c384e000 	/System/Library/Frameworks/CoreMIDI.framework/Versions/A/CoreMIDI
0x00000001b980f000 	/usr/lib/libAudioToolboxUtility.dylib
0x00000001c875c000 	/System/Library/PrivateFrameworks/OSAServicesClient.framework/Versions/A/OSAServicesClient
0x00000001bb135000 	/usr/lib/libperfcheck.dylib
0x00000001cce26000 	/usr/lib/libmis.dylib
0x000000020e771000 	/System/Library/Frameworks/OpenGL.framework/Versions/A/Libraries/libGLU.dylib
0x000000020e730000 	/System/Library/Frameworks/OpenGL.framework/Versions/A/Libraries/libGFXShared.dylib
0x000000020e91a000 	/System/Library/Frameworks/OpenGL.framework/Versions/A/Libraries/libGL.dylib
0x000000020e739000 	/System/Library/Frameworks/OpenGL.framework/Versions/A/Libraries/libGLImage.dylib
0x000000020e72d000 	/System/Library/Frameworks/OpenGL.framework/Versions/A/Libraries/libCVMSPluginSupport.dylib
0x000000020e717000 	/System/Library/Frameworks/OpenGL.framework/Versions/A/Libraries/libCoreVMClient.dylib
0x00000001b6855000 	/System/Library/Frameworks/MetalPerformanceShaders.framework/Versions/A/Frameworks/MPSCore.framework/Versions/A/MPSCore
0x00000001b79c1000 	/System/Library/Frameworks/MetalPerformanceShaders.framework/Versions/A/Frameworks/MPSImage.framework/Versions/A/MPSImage
0x00000001b74bb000 	/System/Library/Frameworks/MetalPerformanceShaders.framework/Versions/A/Frameworks/MPSNeuralNetwork.framework/Versions/A/MPSNeuralNetwork
0x00000001b78f8000 	/System/Library/Frameworks/MetalPerformanceShaders.framework/Versions/A/Frameworks/MPSMatrix.framework/Versions/A/MPSMatrix
0x00000001b76d3000 	/System/Library/Frameworks/MetalPerformanceShaders.framework/Versions/A/Frameworks/MPSRayIntersector.framework/Versions/A/MPSRayIntersector
0x00000001b7929000 	/System/Library/Frameworks/MetalPerformanceShaders.framework/Versions/A/Frameworks/MPSNDArray.framework/Versions/A/MPSNDArray
0x0000000210447000 	/System/Library/Frameworks/MetalPerformanceShaders.framework/Versions/A/Frameworks/MPSFunctions.framework/Versions/A/MPSFunctions
0x00000001adb01000 	/System/Library/PrivateFrameworks/MetalTools.framework/Versions/A/MetalTools
0x00000001b68d2000 	/System/Library/PrivateFrameworks/AggregateDictionary.framework/Versions/A/AggregateDictionary
0x00000001b87ba000 	/usr/lib/libIOReport.dylib
0x00000001c2835000 	/System/Library/PrivateFrameworks/ASEProcessing.framework/Versions/A/ASEProcessing
0x00000001b8b2d000 	/System/Library/PrivateFrameworks/FaceCore.framework/Versions/A/FaceCore
0x00000001b8b1f000 	/System/Library/PrivateFrameworks/GraphVisualizer.framework/Versions/A/GraphVisualizer
0x0000000217de8000 	/System/Library/PrivateFrameworks/FontServices.framework/Versions/A/FontServices
0x00000001b8f42000 	/System/Library/PrivateFrameworks/OTSVG.framework/Versions/A/OTSVG
0x00000001b451b000 	/System/Library/Frameworks/ApplicationServices.framework/Versions/A/Frameworks/ATS.framework/Versions/A/Resources/libFontRegistry.dylib
0x00000001b8f91000 	/System/Library/PrivateFrameworks/FontServices.framework/libhvf.dylib
0x0000000217de9000 	/System/Library/PrivateFrameworks/FontServices.framework/libXTFontStaticRegistryData.dylib
0x000000020eabc000 	/System/Library/Frameworks/OpenCL.framework/Versions/A/OpenCL
0x00000001b8988000 	/System/Library/PrivateFrameworks/AppleVA.framework/Versions/A/AppleVA
0x00000001baa45000 	/System/Library/Frameworks/ApplicationServices.framework/Versions/A/Frameworks/ATS.framework/Versions/A/ATS
0x00000001b2fb5000 	/System/Library/Frameworks/ApplicationServices.framework/Versions/A/Frameworks/HIServices.framework/Versions/A/HIServices
0x00000001b9959000 	/System/Library/Frameworks/ApplicationServices.framework/Versions/A/Frameworks/PrintCore.framework/Versions/A/PrintCore
0x00000001badd0000 	/System/Library/Frameworks/ApplicationServices.framework/Versions/A/Frameworks/QD.framework/Versions/A/QD
0x00000001badc8000 	/System/Library/Frameworks/ApplicationServices.framework/Versions/A/Frameworks/ColorSyncLegacy.framework/Versions/A/ColorSyncLegacy
0x00000001baa31000 	/System/Library/Frameworks/ApplicationServices.framework/Versions/A/Frameworks/SpeechSynthesis.framework/Versions/A/SpeechSynthesis
0x00000001b991a000 	/System/Library/Frameworks/ApplicationServices.framework/Versions/A/Frameworks/ATSUI.framework/Versions/A/ATSUI
0x00000001bad5d000 	/usr/lib/libcups.2.dylib
0x00000001bb143000 	/System/Library/Frameworks/Kerberos.framework/Versions/A/Kerberos
0x00000001bb154000 	/System/Library/Frameworks/GSS.framework/Versions/A/GSS
0x00000001baab4000 	/usr/lib/libresolv.9.dylib
0x00000001b8f9f000 	/System/Library/PrivateFrameworks/Heimdal.framework/Versions/A/Heimdal
0x00000001c1aa5000 	/System/Library/Frameworks/Kerberos.framework/Versions/A/Libraries/libHeimdalProxy.dylib
0x00000001b3bed000 	/System/Library/Frameworks/Network.framework/Versions/A/Network
0x00000001b89ef000 	/usr/lib/libheimdal-asn1.dylib
0x00000001bb19a000 	/System/Library/PrivateFrameworks/CommonAuth.framework/Versions/A/CommonAuth
0x00000001ba9ab000 	/System/Library/PrivateFrameworks/AudioSession.framework/Versions/A/AudioSession
0x00000001b8a80000 	/System/Library/PrivateFrameworks/MediaExperience.framework/Versions/A/MediaExperience
0x00000001ba833000 	/System/Library/PrivateFrameworks/AudioSession.framework/libSessionUtility.dylib
0x00000001baddc000 	/System/Library/PrivateFrameworks/AudioResourceArbitration.framework/Versions/A/AudioResourceArbitration
0x00000001beee7000 	/System/Library/PrivateFrameworks/PowerLog.framework/Versions/A/PowerLog
0x00000001b89f8000 	/System/Library/PrivateFrameworks/IconFoundation.framework/Versions/A/IconFoundation
0x00000001bdc97000 	/System/Library/PrivateFrameworks/SpeechRecognitionCore.framework/Versions/A/SpeechRecognitionCore
0x0000000103560000 	/Library/Java/JavaVirtualMachines/zulu-17.jdk/Contents/Home/lib/server/libjvm.dylib
0x00000001023c4000 	/Library/Java/JavaVirtualMachines/zulu-17.jdk/Contents/Home/lib/libjimage.dylib
0x00000001023f0000 	/Library/Java/JavaVirtualMachines/zulu-17.jdk/Contents/Home/lib/libinstrument.dylib
0x000000010243c000 	/Library/Java/JavaVirtualMachines/zulu-17.jdk/Contents/Home/lib/libjava.dylib
0x0000000102fac000 	/Library/Java/JavaVirtualMachines/zulu-17.jdk/Contents/Home/lib/libnio.dylib
0x0000000102fcc000 	/Library/Java/JavaVirtualMachines/zulu-17.jdk/Contents/Home/lib/libnet.dylib
0x0000000102424000 	/Library/Java/JavaVirtualMachines/zulu-17.jdk/Contents/Home/lib/libzip.dylib
0x0000000103100000 	/Library/Java/JavaVirtualMachines/zulu-17.jdk/Contents/Home/lib/libprism_es2.dylib
0x00000001afd42000 	/System/Library/PrivateFrameworks/CoreServicesInternal.framework/Versions/A/CoreServicesInternal
0x000000020e924000 	/System/Library/Frameworks/OpenGL.framework/Versions/A/Resources/GLEngine.bundle/GLEngine
0x000000020e7ab000 	/System/Library/Frameworks/OpenGL.framework/Versions/A/Libraries/libGLProgrammability.dylib
0x00000001032f0000 	/System/Library/Extensions/AppleMetalOpenGLRenderer.bundle/Contents/MacOS/AppleMetalOpenGLRenderer
0x000000020ea93000 	/System/Library/Frameworks/OpenGL.framework/Versions/A/Resources/GLRendererFloat.bundle/GLRendererFloat
0x000000020eb34000 	/System/Library/Extensions/AGXMetal13_3.bundle/Contents/MacOS/AGXMetal13_3
0x00000001cce42000 	/System/Library/PrivateFrameworks/GPURawCounter.framework/Versions/A/GPURawCounter
0x00000001c78e3000 	/System/Library/PrivateFrameworks/IOGPU.framework/Versions/A/IOGPU
0x0000000103388000 	/Library/Java/JavaVirtualMachines/zulu-17.jdk/Contents/Home/lib/libglass.dylib
0x00000001bf13b000 	/System/Library/Frameworks/FileProvider.framework/Versions/A/FileProvider
0x00000001b39ba000 	/System/Library/Frameworks/Accounts.framework/Versions/A/Accounts
0x00000001bf2bb000 	/System/Library/PrivateFrameworks/GenerationalStorage.framework/Versions/A/GenerationalStorage
0x00000001bfe71000 	/System/Library/PrivateFrameworks/CoreSymbolication.framework/Versions/A/CoreSymbolication
0x00000001beedb000 	/System/Library/PrivateFrameworks/SymptomDiagnosticReporter.framework/Versions/A/SymptomDiagnosticReporter
0x00000001b102b000 	/System/Library/PrivateFrameworks/DesktopServicesPriv.framework/Versions/A/DesktopServicesPriv
0x00000001afea2000 	/usr/lib/libsandbox.1.dylib
0x00000001b49da000 	/System/Library/PrivateFrameworks/UserManagement.framework/Versions/A/UserManagement
0x00000001bfe32000 	/System/Library/PrivateFrameworks/DebugSymbols.framework/Versions/A/DebugSymbols
0x00000001badbb000 	/System/Library/PrivateFrameworks/NetAuth.framework/Versions/A/NetAuth
0x00000001bbcc0000 	/System/Library/PrivateFrameworks/Sharing.framework/Versions/A/Sharing
0x00000001b49aa000 	/System/Library/PrivateFrameworks/login.framework/Versions/A/Frameworks/loginsupport.framework/Versions/A/loginsupport
0x00000001c0fe9000 	/System/Library/PrivateFrameworks/Apple80211.framework/Versions/A/Apple80211
0x00000001b7aa5000 	/System/Library/PrivateFrameworks/AuthKit.framework/Versions/A/AuthKit
0x00000001b7137000 	/System/Library/PrivateFrameworks/CoreUtils.framework/Versions/A/CoreUtils
0x00000001b7057000 	/System/Library/Frameworks/CoreWLAN.framework/Versions/A/CoreWLAN
0x00000001bbe2a000 	/System/Library/Frameworks/IOBluetooth.framework/Versions/A/IOBluetooth
0x00000001c1049000 	/System/Library/PrivateFrameworks/CoreWiFi.framework/Versions/A/CoreWiFi
0x00000001bfa19000 	/System/Library/PrivateFrameworks/FrontBoardServices.framework/Versions/A/FrontBoardServices
0x00000001bfab1000 	/System/Library/PrivateFrameworks/BoardServices.framework/Versions/A/BoardServices
0x00000001b7352000 	/System/Library/PrivateFrameworks/AssertionServices.framework/Versions/A/AssertionServices
0x00000001c11b7000 	/System/Library/PrivateFrameworks/BackBoardServices.framework/Versions/A/BackBoardServices
0x00000001bb22d000 	/System/Library/PrivateFrameworks/CorePhoneNumbers.framework/Versions/A/CorePhoneNumbers
0x00000001bf00b000 	/System/Library/PrivateFrameworks/DiskManagement.framework/Versions/A/DiskManagement
0x00000001bef0e000 	/System/Library/PrivateFrameworks/AppleIDAuthSupport.framework/Versions/A/AppleIDAuthSupport
0x0000000212710000 	/System/Library/PrivateFrameworks/AAAFoundation.framework/Versions/A/AAAFoundation
0x00000001bb20c000 	/System/Library/PrivateFrameworks/KeychainCircle.framework/Versions/A/KeychainCircle
0x00000001befd7000 	/System/Library/PrivateFrameworks/MediaKit.framework/Versions/A/MediaKit
0x00000001bef1b000 	/System/Library/Frameworks/DiscRecording.framework/Versions/A/DiscRecording
0x00000001b8904000 	/usr/lib/libCoreStorage.dylib
0x00000001c14b3000 	/usr/lib/libcsfde.dylib
0x00000001bbeff000 	/System/Library/PrivateFrameworks/ProtectedCloudStorage.framework/Versions/A/ProtectedCloudStorage
0x00000001c14ab000 	/System/Library/PrivateFrameworks/EFILogin.framework/Versions/A/EFILogin
0x00000001bf2e2000 	/System/Library/PrivateFrameworks/OctagonTrust.framework/Versions/A/OctagonTrust
0x0000000217034000 	/System/Library/PrivateFrameworks/CoreUtilsExtras.framework/Versions/A/CoreUtilsExtras
0x00000001bee51000 	/System/Library/Frameworks/CoreBluetooth.framework/Versions/A/CoreBluetooth
0x00000001c1b2a000 	/System/Library/Frameworks/AudioUnit.framework/Versions/A/AudioUnit
0x00000001b88fc000 	/usr/lib/libMatch.1.dylib
0x00000001d1125000 	/System/Library/Frameworks/Accelerate.framework/Versions/A/Frameworks/vImage.framework/Versions/A/Libraries/libCGInterfaces.dylib
0x00000001273d4000 	/usr/lib/libobjc-trampolines.dylib
0x00000001b46a7000 	/System/Library/PrivateFrameworks/ViewBridge.framework/Versions/A/ViewBridge
0x00000001b87c3000 	/System/Library/PrivateFrameworks/CrashReporterSupport.framework/Versions/A/CrashReporterSupport
0x00000001d8ae5000 	/System/Library/PrivateFrameworks/OSAnalytics.framework/Versions/A/OSAnalytics
0x00000001e3b29000 	/System/Library/PrivateFrameworks/Symbolication.framework/Versions/A/Symbolication
0x00000001cce03000 	/System/Library/PrivateFrameworks/MallocStackLogging.framework/Versions/A/MallocStackLogging
0x000000022a5fc000 	/usr/lib/libRosetta.dylib
0x000000012c7a0000 	/Library/Java/JavaVirtualMachines/zulu-17.jdk/Contents/Home/lib/libjavafx_font.dylib
0x00000001b904d000 	/System/Library/PrivateFrameworks/login.framework/Versions/A/login


VM Arguments:
jvm_args: -javaagent:/Applications/IntelliJ IDEA.app/Contents/lib/idea_rt.jar=53875:/Applications/IntelliJ IDEA.app/Contents/bin -Dfile.encoding=UTF-8 --module-path=/Users/oscarnaretto/.m2/repository/org/openjfx/javafx-fxml/17.0.1/javafx-fxml-17.0.1-mac-aarch64.jar:/Users/oscarnaretto/.m2/repository/org/openjfx/javafx-base/17.0.1/javafx-base-17.0.1-mac-aarch64.jar:/Users/oscarnaretto/.m2/repository/org/openjfx/javafx-controls/17.0.1/javafx-controls-17.0.1-mac-aarch64.jar:/Users/oscarnaretto/.m2/repository/org/controlsfx/controlsfx/11.1.1/controlsfx-11.1.1.jar:/Users/oscarnaretto/.m2/repository/org/openjfx/javafx-graphics/17.0.1/javafx-graphics-17.0.1-mac-aarch64.jar:/Users/oscarnaretto/.m2/repository/org/kordamp/bootstrapfx/bootstrapfx-core/0.4.0/bootstrapfx-core-0.4.0.jar:/Users/oscarnaretto/Progetti/progettoprogiii/clientmail/target/classes:/Users/oscarnaretto/Progetti/progettoprogiii/mailib/target/classes:/Users/oscarnaretto/.m2/repository/com/dlsc/formsfx/formsfx-core/11.4.2/formsfx-core-11.4.2.jar -Djdk.module.main=clientmail 
java_command: clientmail/com.projprogiii.clientmail.ClientApplication
java_class_path (initial): /Users/oscarnaretto/.m2/repository/org/openjfx/javafx-controls/17.0.1/javafx-controls-17.0.1.jar:/Users/oscarnaretto/.m2/repository/org/openjfx/javafx-graphics/17.0.1/javafx-graphics-17.0.1.jar:/Users/oscarnaretto/.m2/repository/org/openjfx/javafx-base/17.0.1/javafx-base-17.0.1.jar:/Users/oscarnaretto/.m2/repository/org/openjfx/javafx-fxml/17.0.1/javafx-fxml-17.0.1.jar
Launcher Type: SUN_STANDARD

[Global flags]
     intx CICompilerCount                          = 4                                         {product} {ergonomic}
     uint ConcGCThreads                            = 2                                         {product} {ergonomic}
     uint G1ConcRefinementThreads                  = 8                                         {product} {ergonomic}
   size_t G1HeapRegionSize                         = 2097152                                   {product} {ergonomic}
    uintx GCDrainStackTargetSize                   = 64                                        {product} {ergonomic}
   size_t InitialHeapSize                          = 268435456                                 {product} {ergonomic}
   size_t MarkStackSize                            = 4194304                                   {product} {ergonomic}
   size_t MaxHeapSize                              = 4294967296                                {product} {ergonomic}
   size_t MaxNewSize                               = 2575302656                                {product} {ergonomic}
   size_t MinHeapDeltaBytes                        = 2097152                                   {product} {ergonomic}
   size_t MinHeapSize                              = 8388608                                   {product} {ergonomic}
    uintx NonNMethodCodeHeapSize                   = 5839564                                {pd product} {ergonomic}
    uintx NonProfiledCodeHeapSize                  = 122909338                              {pd product} {ergonomic}
    uintx ProfiledCodeHeapSize                     = 122909338                              {pd product} {ergonomic}
    uintx ReservedCodeCacheSize                    = 251658240                              {pd product} {ergonomic}
     bool SegmentedCodeCache                       = true                                      {product} {ergonomic}
   size_t SoftMaxHeapSize                          = 4294967296                             {manageable} {ergonomic}
     bool UseCompressedClassPointers               = true                           {product lp64_product} {ergonomic}
     bool UseCompressedOops                        = true                           {product lp64_product} {ergonomic}
     bool UseG1GC                                  = true                                      {product} {ergonomic}
     bool UseNUMA                                  = false                                     {product} {ergonomic}
     bool UseNUMAInterleaving                      = false                                     {product} {ergonomic}

Logging:
Log output configuration:
 #0: stdout all=warning uptime,level,tags
 #1: stderr all=off uptime,level,tags

Environment Variables:
PATH=/opt/homebrew/bin:/opt/homebrew/sbin:/usr/local/bin:/usr/bin:/bin:/usr/sbin:/sbin
SHELL=/bin/zsh
LC_CTYPE=it_IT.UTF-8

Signal Handlers:
   SIGSEGV: _ZL13crash_handleriP9__siginfoPv in libjvm.dylib, mask=11100110000111110111111111111111, flags=SA_RESTART|SA_SIGINFO
    SIGBUS: _ZL13crash_handleriP9__siginfoPv in libjvm.dylib, mask=11100110000111110111111111111111, flags=SA_RESTART|SA_SIGINFO
    SIGFPE: _ZL13crash_handleriP9__siginfoPv in libjvm.dylib, mask=11100110000111110111111111111111, flags=SA_RESTART|SA_SIGINFO
   SIGPIPE: _ZL17javaSignalHandleriP9__siginfoPv in libjvm.dylib, mask=11100110000111110111111111111111, flags=SA_RESTART|SA_SIGINFO
   SIGXFSZ: _ZL17javaSignalHandleriP9__siginfoPv in libjvm.dylib, mask=11100110000111110111111111111111, flags=SA_RESTART|SA_SIGINFO
    SIGILL: _ZL13crash_handleriP9__siginfoPv in libjvm.dylib, mask=11100110000111110111111111111111, flags=SA_RESTART|SA_SIGINFO
   SIGUSR2: _ZL10SR_handleriP9__siginfoP17__darwin_ucontext in libjvm.dylib, mask=00100000000000000000000000000000, flags=SA_RESTART|SA_SIGINFO
    SIGHUP: _ZL11UserHandleriPvS_ in libjvm.dylib, mask=11100110000111110111111111111111, flags=SA_RESTART|SA_SIGINFO
    SIGINT: _ZL11UserHandleriPvS_ in libjvm.dylib, mask=11100110000111110111111111111111, flags=SA_RESTART|SA_SIGINFO
   SIGTERM: _ZL11UserHandleriPvS_ in libjvm.dylib, mask=11100110000111110111111111111111, flags=SA_RESTART|SA_SIGINFO
   SIGQUIT: _ZL11UserHandleriPvS_ in libjvm.dylib, mask=11100110000111110111111111111111, flags=SA_RESTART|SA_SIGINFO
   SIGTRAP: _ZL13crash_handleriP9__siginfoPv in libjvm.dylib, mask=11100110000111110111111111111111, flags=SA_RESTART|SA_SIGINFO


---------------  S Y S T E M  ---------------

OS:
uname: Darwin 21.2.0 Darwin Kernel Version 21.2.0: Sun Nov 28 20:29:10 PST 2021; root:xnu-8019.61.5~1/RELEASE_ARM64_T8101 arm64
OS uptime: 1 days 0:56 hours
rlimit (soft/hard): STACK 8176k/65520k , CORE 0k/infinity , NPROC 2666/4000 , NOFILE 10240/infinity , AS infinity/infinity , CPU infinity/infinity , DATA infinity/infinity , FSIZE infinity/infinity , MEMLOCK infinity/infinity , RSS infinity/infinity
load average: 4.20 2.64 1.98

CPU: total 8 (initial active 8) 0x61:0x0:0x1b588bb3:0, fp, simd, crc, lse

Memory: 16k page, physical 16777216k(124464k free), swap 1048576k(1029888k free)

vm_info: OpenJDK 64-Bit Server VM (17.0.1+12-LTS) for bsd-aarch64 JRE (17.0.1+12-LTS) (Zulu17.30+15-CA), built on Oct 20 2021 08:27:41 by "zulu_re" with clang Apple LLVM 12.0.0 (clang-1200.0.32.28)

END.
